
=================================================================
  InvoiceTriageEnv — REINFORCE Training
  Tasks: ['easy_approve_clean', 'easy_reject_no_po', 'easy_utilities_approve', 'easy_travel_approve', 'easy_missing_approval', 'medium_amount_mismatch', 'medium_duplicate_detection', 'medium_fx_currency_risk', 'medium_equipment_over_budget', 'medium_subscription_overbill', 'medium_split_invoice_abuse', 'hard_multi_issue_fraud', 'hard_suspicious_vendor', 'hard_ghost_vendor', 'hard_tax_fraud_pattern', 'hard_healthcare_complex']
  Episodes: 5000 | LR: 0.0003 | γ: 0.99
  Policy params: 366,602
=================================================================

  Ep    1/5000 | task=easy_approve_clean             | score=0.0001 | avg20=0.0001 | steps= 5 | loss=-0.1572
  Ep   10/5000 | task=medium_subscription_overbill   | score=0.0001 | avg20=0.1414 | steps= 7 | loss=0.9804
  Ep   20/5000 | task=easy_travel_approve            | score=0.4923 | avg20=0.2311 | steps= 6 | loss=0.5116
  Ep   30/5000 | task=hard_ghost_vendor              | score=0.0001 | avg20=0.2111 | steps= 7 | loss=0.3302
  Ep   40/5000 | task=medium_fx_currency_risk        | score=0.0001 | avg20=0.0760 | steps= 5 | loss=-0.3201
  Ep   50/5000 | task=easy_reject_no_po              | score=0.3143 | avg20=0.0595 | steps= 3 | loss=0.0092
  Ep   60/5000 | task=hard_multi_issue_fraud         | score=0.0001 | avg20=0.2015 | steps= 5 | loss=-0.6499
  Ep   70/5000 | task=medium_amount_mismatch         | score=0.5875 | avg20=0.2142 | steps= 4 | loss=0.5505
  Ep   80/5000 | task=hard_healthcare_complex        | score=0.1273 | avg20=0.0698 | steps= 5 | loss=-0.8584
  Ep   90/5000 | task=medium_subscription_overbill   | score=0.0001 | avg20=0.1192 | steps= 5 | loss=1.2429
  Ep  100/5000 | task=easy_travel_approve            | score=0.6462 | avg20=0.2221 | steps= 4 | loss=-1.2954
  Ep  110/5000 | task=hard_ghost_vendor              | score=0.0001 | avg20=0.2567 | steps= 5 | loss=1.7609
  Ep  120/5000 | task=medium_fx_currency_risk        | score=0.2500 | avg20=0.2098 | steps= 6 | loss=-0.7977
  Ep  130/5000 | task=easy_reject_no_po              | score=0.3143 | avg20=0.1831 | steps= 3 | loss=2.2713
  Ep  140/5000 | task=hard_multi_issue_fraud         | score=0.0001 | avg20=0.1879 | steps= 5 | loss=-0.8844
  Ep  150/5000 | task=medium_amount_mismatch         | score=0.0001 | avg20=0.1487 | steps= 5 | loss=0.1010
  Ep  160/5000 | task=hard_healthcare_complex        | score=0.5818 | avg20=0.1166 | steps= 5 | loss=-0.1388
  Ep  170/5000 | task=medium_subscription_overbill   | score=0.5875 | avg20=0.1671 | steps= 5 | loss=0.2637
  Ep  180/5000 | task=easy_travel_approve            | score=0.0001 | avg20=0.1960 | steps= 5 | loss=-0.7645
  Ep  190/5000 | task=hard_ghost_vendor              | score=0.0001 | avg20=0.1628 | steps= 6 | loss=-0.2264
  Ep  200/5000 | task=medium_fx_currency_risk        | score=0.0001 | avg20=0.1208 | steps= 5 | loss=-0.0505
  Ep  210/5000 | task=easy_reject_no_po              | score=0.0001 | avg20=0.1176 | steps= 4 | loss=-0.6769
  Ep  220/5000 | task=hard_multi_issue_fraud         | score=0.1097 | avg20=0.1673 | steps= 5 | loss=-0.8186
  Ep  230/5000 | task=medium_amount_mismatch         | score=0.0001 | avg20=0.2302 | steps= 5 | loss=1.1284
  Ep  240/5000 | task=hard_healthcare_complex        | score=0.1273 | avg20=0.2281 | steps= 5 | loss=0.0037
  Ep  250/5000 | task=medium_subscription_overbill   | score=0.0001 | avg20=0.2262 | steps= 5 | loss=0.0752
  ✓ Saved checkpoint: outputs/checkpoints/policy_ep0250.pt
  Ep  260/5000 | task=easy_travel_approve            | score=0.6462 | avg20=0.1956 | steps= 7 | loss=-1.0680
  Ep  270/5000 | task=hard_ghost_vendor              | score=0.0001 | avg20=0.1422 | steps= 6 | loss=-0.2219
  Ep  280/5000 | task=medium_fx_currency_risk        | score=0.0001 | avg20=0.1893 | steps= 5 | loss=-0.4431
  Ep  290/5000 | task=easy_reject_no_po              | score=0.0001 | avg20=0.1598 | steps= 3 | loss=0.7656
  Ep  300/5000 | task=hard_multi_issue_fraud         | score=0.2516 | avg20=0.1386 | steps= 7 | loss=-1.0169
  Ep  310/5000 | task=medium_amount_mismatch         | score=0.0001 | avg20=0.1595 | steps= 4 | loss=0.8573
  Ep  320/5000 | task=hard_healthcare_complex        | score=0.0273 | avg20=0.1359 | steps=10 | loss=0.2652
  Ep  330/5000 | task=medium_subscription_overbill   | score=0.5875 | avg20=0.2764 | steps= 5 | loss=0.5536
  Ep  340/5000 | task=easy_travel_approve            | score=0.6462 | avg20=0.3360 | steps= 4 | loss=-0.3598
  Ep  350/5000 | task=hard_ghost_vendor              | score=0.0001 | avg20=0.1736 | steps= 7 | loss=0.5678
  Ep  360/5000 | task=medium_fx_currency_risk        | score=0.5875 | avg20=0.1769 | steps= 5 | loss=0.3209
  Ep  370/5000 | task=easy_reject_no_po              | score=0.3143 | avg20=0.2237 | steps= 3 | loss=0.2252
  Ep  380/5000 | task=hard_multi_issue_fraud         | score=0.0001 | avg20=0.2136 | steps= 5 | loss=-0.7396
  Ep  390/5000 | task=medium_amount_mismatch         | score=0.0001 | avg20=0.2258 | steps= 6 | loss=0.4053
  Ep  400/5000 | task=hard_healthcare_complex        | score=0.5818 | avg20=0.2461 | steps= 5 | loss=-0.5210
  Ep  410/5000 | task=medium_subscription_overbill   | score=0.0001 | avg20=0.2495 | steps= 5 | loss=-0.4650
  Ep  420/5000 | task=easy_travel_approve            | score=0.6462 | avg20=0.2531 | steps= 4 | loss=-0.4115
  Ep  430/5000 | task=hard_ghost_vendor              | score=0.0001 | avg20=0.1468 | steps= 5 | loss=-0.0354
  Ep  440/5000 | task=medium_fx_currency_risk        | score=0.2500 | avg20=0.1444 | steps= 6 | loss=-1.1640
  Ep  450/5000 | task=easy_reject_no_po              | score=0.7571 | avg20=0.2102 | steps= 5 | loss=-0.5114
  Ep  460/5000 | task=hard_multi_issue_fraud         | score=0.3806 | avg20=0.2313 | steps= 9 | loss=1.1886
  Ep  470/5000 | task=medium_amount_mismatch         | score=0.1875 | avg20=0.3135 | steps= 9 | loss=0.5341
  Ep  480/5000 | task=hard_healthcare_complex        | score=0.2091 | avg20=0.3122 | steps=13 | loss=2.4695
  Ep  490/5000 | task=medium_subscription_overbill   | score=0.2375 | avg20=0.3085 | steps= 7 | loss=-0.1069
  Ep  500/5000 | task=easy_travel_approve            | score=0.0001 | avg20=0.2469 | steps= 4 | loss=-0.3074
  ✓ Saved checkpoint: outputs/checkpoints/policy_ep0500.pt
  Ep  510/5000 | task=hard_ghost_vendor              | score=0.0001 | avg20=0.1197 | steps= 8 | loss=-0.5239
  Ep  520/5000 | task=medium_fx_currency_risk        | score=0.0001 | avg20=0.1058 | steps= 5 | loss=-0.4024
  Ep  530/5000 | task=easy_reject_no_po              | score=0.0001 | avg20=0.1672 | steps= 5 | loss=-0.2764
  Ep  540/5000 | task=hard_multi_issue_fraud         | score=0.0001 | avg20=0.1743 | steps= 7 | loss=-0.9870
  Ep  550/5000 | task=medium_amount_mismatch         | score=0.0001 | avg20=0.1191 | steps= 4 | loss=0.1140
  Ep  560/5000 | task=hard_healthcare_complex        | score=0.6909 | avg20=0.1565 | steps= 8 | loss=-0.3156
  Ep  570/5000 | task=medium_subscription_overbill   | score=0.0001 | avg20=0.3118 | steps= 5 | loss=0.8304
  Ep  580/5000 | task=easy_travel_approve            | score=0.0001 | avg20=0.2532 | steps= 5 | loss=-0.8220
  Ep  590/5000 | task=hard_ghost_vendor              | score=0.2080 | avg20=0.1253 | steps= 5 | loss=-0.2743
  Ep  600/5000 | task=medium_fx_currency_risk        | score=0.0001 | avg20=0.0779 | steps= 6 | loss=-0.2904
  Ep  610/5000 | task=easy_reject_no_po              | score=0.0001 | avg20=0.0753 | steps= 4 | loss=-0.9792
  Ep  620/5000 | task=hard_multi_issue_fraud         | score=0.0001 | avg20=0.2260 | steps= 6 | loss=-0.6673
  Ep  630/5000 | task=medium_amount_mismatch         | score=0.0001 | avg20=0.2673 | steps= 4 | loss=-0.1149
  Ep  640/5000 | task=hard_healthcare_complex        | score=0.2364 | avg20=0.1590 | steps= 9 | loss=0.1962
  Ep  650/5000 | task=medium_subscription_overbill   | score=0.2500 | avg20=0.1320 | steps= 6 | loss=0.9678
  Ep  660/5000 | task=easy_travel_approve            | score=0.0001 | avg20=0.1486 | steps= 4 | loss=0.3429
  Ep  670/5000 | task=hard_ghost_vendor              | score=0.3920 | avg20=0.1966 | steps= 6 | loss=-1.2339
  Ep  680/5000 | task=medium_fx_currency_risk        | score=0.0001 | avg20=0.2086 | steps= 5 | loss=-1.0210
  Ep  690/5000 | task=easy_reject_no_po              | score=0.0714 | avg20=0.1922 | steps= 4 | loss=-0.4206
  Ep  700/5000 | task=hard_multi_issue_fraud         | score=0.0001 | avg20=0.1938 | steps=14 | loss=-0.1769
  Ep  710/5000 | task=medium_amount_mismatch         | score=0.0001 | avg20=0.1705 | steps= 5 | loss=0.1572
  Ep  720/5000 | task=hard_healthcare_complex        | score=0.2455 | avg20=0.2283 | steps= 7 | loss=-0.9371
  Ep  730/5000 | task=medium_subscription_overbill   | score=0.2375 | avg20=0.2297 | steps= 8 | loss=1.0045
  Ep  740/5000 | task=easy_travel_approve            | score=0.6462 | avg20=0.2123 | steps= 4 | loss=-0.2305
  Ep  750/5000 | task=hard_ghost_vendor              | score=0.0001 | avg20=0.2164 | steps=20 | loss=0.3340
  ✓ Saved checkpoint: outputs/checkpoints/policy_ep0750.pt
  Ep  760/5000 | task=medium_fx_currency_risk        | score=0.0001 | avg20=0.1202 | steps= 6 | loss=-0.1906
  Ep  770/5000 | task=easy_reject_no_po              | score=0.6857 | avg20=0.1315 | steps=11 | loss=0.6098
  Ep  780/5000 | task=hard_multi_issue_fraud         | score=0.0001 | avg20=0.1934 | steps=12 | loss=0.5991
  Ep  790/5000 | task=medium_amount_mismatch         | score=0.5625 | avg20=0.2549 | steps= 5 | loss=1.2324
  Ep  800/5000 | task=hard_healthcare_complex        | score=0.6455 | avg20=0.3170 | steps=13 | loss=0.0293
  Ep  810/5000 | task=medium_subscription_overbill   | score=0.8625 | avg20=0.3781 | steps=11 | loss=0.3317
  Ep  820/5000 | task=easy_travel_approve            | score=0.6462 | avg20=0.3080 | steps= 4 | loss=1.6190
  Ep  830/5000 | task=hard_ghost_vendor              | score=0.0001 | avg20=0.2076 | steps= 8 | loss=0.3740
  Ep  840/5000 | task=medium_fx_currency_risk        | score=0.0001 | avg20=0.1732 | steps= 5 | loss=0.9544
  Ep  850/5000 | task=easy_reject_no_po              | score=0.0143 | avg20=0.1451 | steps= 7 | loss=-0.2650
  Ep  860/5000 | task=hard_multi_issue_fraud         | score=0.1097 | avg20=0.1650 | steps= 5 | loss=-1.2246
  Ep  870/5000 | task=medium_amount_mismatch         | score=0.0001 | avg20=0.0994 | steps= 5 | loss=1.0215
  Ep  880/5000 | task=hard_healthcare_complex        | score=0.6182 | avg20=0.1184 | steps=20 | loss=-0.0395
  Ep  890/5000 | task=medium_subscription_overbill   | score=0.0001 | avg20=0.2280 | steps= 6 | loss=0.1598
  Ep  900/5000 | task=easy_travel_approve            | score=0.0001 | avg20=0.1889 | steps= 4 | loss=1.0981
  Ep  910/5000 | task=hard_ghost_vendor              | score=0.0001 | avg20=0.0973 | steps= 6 | loss=-0.6490
  Ep  920/5000 | task=medium_fx_currency_risk        | score=0.0001 | avg20=0.1986 | steps= 5 | loss=-0.4423
  Ep  930/5000 | task=easy_reject_no_po              | score=0.0001 | avg20=0.2341 | steps= 3 | loss=-2.3297
  Ep  940/5000 | task=hard_multi_issue_fraud         | score=0.2194 | avg20=0.1853 | steps=11 | loss=0.4933
  Ep  950/5000 | task=medium_amount_mismatch         | score=0.0001 | avg20=0.2052 | steps= 4 | loss=-0.5061
  Ep  960/5000 | task=hard_healthcare_complex        | score=0.6818 | avg20=0.2091 | steps=11 | loss=0.5685
  Ep  970/5000 | task=medium_subscription_overbill   | score=0.0001 | avg20=0.1608 | steps= 5 | loss=-0.3631
  Ep  980/5000 | task=easy_travel_approve            | score=0.6462 | avg20=0.1961 | steps= 4 | loss=-0.5514
  Ep  990/5000 | task=hard_ghost_vendor              | score=0.0001 | avg20=0.3549 | steps= 5 | loss=-1.6704
  Ep 1000/5000 | task=medium_fx_currency_risk        | score=0.5875 | avg20=0.3188 | steps= 5 | loss=0.1617
  ✓ Saved checkpoint: outputs/checkpoints/policy_ep1000.pt
  Ep 1010/5000 | task=easy_reject_no_po              | score=0.0001 | avg20=0.1636 | steps= 3 | loss=-0.0252
  Ep 1020/5000 | task=hard_multi_issue_fraud         | score=0.0001 | avg20=0.1257 | steps= 6 | loss=-1.2618
  Ep 1030/5000 | task=medium_amount_mismatch         | score=0.5875 | avg20=0.1304 | steps= 4 | loss=0.2665
  Ep 1040/5000 | task=hard_healthcare_complex        | score=0.2273 | avg20=0.1550 | steps=10 | loss=-0.6914
  Ep 1050/5000 | task=medium_subscription_overbill   | score=0.5875 | avg20=0.2635 | steps= 6 | loss=0.5999
  Ep 1060/5000 | task=easy_travel_approve            | score=0.6462 | avg20=0.2580 | steps= 5 | loss=1.1070
  Ep 1070/5000 | task=hard_ghost_vendor              | score=0.2080 | avg20=0.2110 | steps= 5 | loss=-2.1322
  Ep 1080/5000 | task=medium_fx_currency_risk        | score=0.5875 | avg20=0.1994 | steps= 5 | loss=-0.4327
  Ep 1090/5000 | task=easy_reject_no_po              | score=0.0143 | avg20=0.1143 | steps= 7 | loss=0.2022
  Ep 1100/5000 | task=hard_multi_issue_fraud         | score=0.0001 | avg20=0.1490 | steps=20 | loss=0.3545
  Ep 1110/5000 | task=medium_amount_mismatch         | score=0.5375 | avg20=0.2254 | steps= 6 | loss=-0.0853
  Ep 1120/5000 | task=hard_healthcare_complex        | score=0.6636 | avg20=0.2756 | steps=11 | loss=-0.2722
  Ep 1130/5000 | task=medium_subscription_overbill   | score=0.8750 | avg20=0.2826 | steps= 8 | loss=-0.7508
  Ep 1140/5000 | task=easy_travel_approve            | score=0.6462 | avg20=0.2942 | steps= 4 | loss=0.0185
  Ep 1150/5000 | task=hard_ghost_vendor              | score=0.0001 | avg20=0.2919 | steps= 5 | loss=-2.3555
  Ep 1160/5000 | task=medium_fx_currency_risk        | score=0.0001 | avg20=0.2088 | steps= 5 | loss=0.2741
  Ep 1170/5000 | task=easy_reject_no_po              | score=0.7429 | avg20=0.2881 | steps= 6 | loss=0.6591
  Ep 1180/5000 | task=hard_multi_issue_fraud         | score=0.0001 | avg20=0.3314 | steps=20 | loss=0.4828
  Ep 1190/5000 | task=medium_amount_mismatch         | score=0.0001 | avg20=0.2881 | steps= 4 | loss=-0.4092
  Ep 1200/5000 | task=hard_healthcare_complex        | score=0.1818 | avg20=0.2757 | steps=15 | loss=-0.4341
  Ep 1210/5000 | task=medium_subscription_overbill   | score=0.2250 | avg20=0.2362 | steps= 8 | loss=0.0850
  Ep 1220/5000 | task=easy_travel_approve            | score=0.6462 | avg20=0.1916 | steps= 4 | loss=0.4350
  Ep 1230/5000 | task=hard_ghost_vendor              | score=0.0001 | avg20=0.1360 | steps= 6 | loss=-2.5991
  Ep 1240/5000 | task=medium_fx_currency_risk        | score=0.2500 | avg20=0.1203 | steps= 6 | loss=-0.5823
  Ep 1250/5000 | task=easy_reject_no_po              | score=0.0001 | avg20=0.2149 | steps=10 | loss=0.3647
  ✓ Saved checkpoint: outputs/checkpoints/policy_ep1250.pt
  Ep 1260/5000 | task=hard_multi_issue_fraud         | score=0.0001 | avg20=0.2900 | steps= 5 | loss=-2.0069
  Ep 1270/5000 | task=medium_amount_mismatch         | score=0.0001 | avg20=0.1777 | steps= 6 | loss=0.2194
  Ep 1280/5000 | task=hard_healthcare_complex        | score=0.4909 | avg20=0.1710 | steps= 6 | loss=-0.3139
  Ep 1290/5000 | task=medium_subscription_overbill   | score=0.8625 | avg20=0.2738 | steps= 7 | loss=0.2400
  Ep 1300/5000 | task=easy_travel_approve            | score=0.6462 | avg20=0.3113 | steps= 5 | loss=-0.3776
  Ep 1310/5000 | task=hard_ghost_vendor              | score=0.3920 | avg20=0.3384 | steps= 6 | loss=-2.8270
  Ep 1320/5000 | task=medium_fx_currency_risk        | score=0.2500 | avg20=0.2884 | steps= 6 | loss=-0.7818
  Ep 1330/5000 | task=easy_reject_no_po              | score=0.0001 | avg20=0.2312 | steps= 3 | loss=-4.2324
  Ep 1340/5000 | task=hard_multi_issue_fraud         | score=0.0001 | avg20=0.2010 | steps= 5 | loss=-3.7077
  Ep 1350/5000 | task=medium_amount_mismatch         | score=0.0001 | avg20=0.1489 | steps= 4 | loss=-1.0336
  Ep 1360/5000 | task=hard_healthcare_complex        | score=0.2273 | avg20=0.1638 | steps=10 | loss=-0.5370
  Ep 1370/5000 | task=medium_subscription_overbill   | score=0.5875 | avg20=0.2316 | steps= 5 | loss=0.3043
  Ep 1380/5000 | task=easy_travel_approve            | score=0.6462 | avg20=0.2075 | steps= 4 | loss=0.0598
  Ep 1390/5000 | task=hard_ghost_vendor              | score=0.0001 | avg20=0.1870 | steps= 5 | loss=-1.7241
  Ep 1400/5000 | task=medium_fx_currency_risk        | score=0.0001 | avg20=0.1544 | steps= 5 | loss=-0.3102
  Ep 1410/5000 | task=easy_reject_no_po              | score=0.7714 | avg20=0.2136 | steps= 5 | loss=0.1737
  Ep 1420/5000 | task=hard_multi_issue_fraud         | score=0.2516 | avg20=0.3743 | steps= 7 | loss=-0.9918
  Ep 1430/5000 | task=medium_amount_mismatch         | score=0.0001 | avg20=0.2636 | steps= 6 | loss=0.5192
  Ep 1440/5000 | task=hard_healthcare_complex        | score=0.1818 | avg20=0.1420 | steps=14 | loss=0.3094
  Ep 1450/5000 | task=medium_subscription_overbill   | score=0.2250 | avg20=0.1386 | steps= 9 | loss=-0.7961
  Ep 1460/5000 | task=easy_travel_approve            | score=0.0001 | avg20=0.1624 | steps= 4 | loss=0.5267
  Ep 1470/5000 | task=hard_ghost_vendor              | score=0.0001 | avg20=0.1715 | steps= 7 | loss=-0.7238
  Ep 1480/5000 | task=medium_fx_currency_risk        | score=0.0001 | avg20=0.1687 | steps= 6 | loss=2.1325
  Ep 1490/5000 | task=easy_reject_no_po              | score=0.0429 | avg20=0.1899 | steps= 6 | loss=-0.3027
  Ep 1500/5000 | task=hard_multi_issue_fraud         | score=0.2452 | avg20=0.2474 | steps= 8 | loss=-1.8372
  ✓ Saved checkpoint: outputs/checkpoints/policy_ep1500.pt
  Ep 1510/5000 | task=medium_amount_mismatch         | score=0.0001 | avg20=0.2648 | steps= 5 | loss=0.8608
  Ep 1520/5000 | task=hard_healthcare_complex        | score=0.2455 | avg20=0.2070 | steps= 7 | loss=-0.2487
  Ep 1530/5000 | task=medium_subscription_overbill   | score=0.0001 | avg20=0.1874 | steps= 5 | loss=0.8588
  Ep 1540/5000 | task=easy_travel_approve            | score=0.6462 | avg20=0.2194 | steps= 4 | loss=-0.0592
  Ep 1550/5000 | task=hard_ghost_vendor              | score=0.2000 | avg20=0.1933 | steps=12 | loss=2.3992
  Ep 1560/5000 | task=medium_fx_currency_risk        | score=0.0001 | avg20=0.1375 | steps= 5 | loss=-0.9826
  Ep 1570/5000 | task=easy_reject_no_po              | score=0.0001 | avg20=0.1587 | steps= 3 | loss=-5.7892
  Ep 1580/5000 | task=hard_multi_issue_fraud         | score=0.0001 | avg20=0.1443 | steps=10 | loss=-0.2851
  Ep 1590/5000 | task=medium_amount_mismatch         | score=0.0001 | avg20=0.1480 | steps= 4 | loss=-0.5860
  Ep 1600/5000 | task=hard_healthcare_complex        | score=0.2182 | avg20=0.1749 | steps=10 | loss=-0.1185
  Ep 1610/5000 | task=medium_subscription_overbill   | score=0.2250 | avg20=0.2296 | steps= 8 | loss=-1.1252
  Ep 1620/5000 | task=easy_travel_approve            | score=0.6462 | avg20=0.2249 | steps= 5 | loss=0.2773
  Ep 1630/5000 | task=hard_ghost_vendor              | score=0.1280 | avg20=0.1684 | steps= 7 | loss=1.8811
  Ep 1640/5000 | task=medium_fx_currency_risk        | score=0.0001 | avg20=0.1855 | steps= 5 | loss=-0.6488
  Ep 1650/5000 | task=easy_reject_no_po              | score=0.0001 | avg20=0.2153 | steps= 3 | loss=-6.2419
  Ep 1660/5000 | task=hard_multi_issue_fraud         | score=0.0001 | avg20=0.2805 | steps= 6 | loss=-4.0987
  Ep 1670/5000 | task=medium_amount_mismatch         | score=0.0001 | avg20=0.3632 | steps= 7 | loss=0.3915
  Ep 1680/5000 | task=hard_healthcare_complex        | score=0.6818 | avg20=0.3431 | steps= 9 | loss=-0.4659
  Ep 1690/5000 | task=medium_subscription_overbill   | score=0.1750 | avg20=0.3186 | steps=12 | loss=0.6540
  Ep 1700/5000 | task=easy_travel_approve            | score=0.0001 | avg20=0.3071 | steps= 5 | loss=0.1050
  Ep 1710/5000 | task=hard_ghost_vendor              | score=0.0001 | avg20=0.2851 | steps=10 | loss=0.0793
  Ep 1720/5000 | task=medium_fx_currency_risk        | score=0.0001 | avg20=0.2829 | steps= 5 | loss=1.0270
  Ep 1730/5000 | task=easy_reject_no_po              | score=0.0571 | avg20=0.2130 | steps= 5 | loss=-1.6947
  Ep 1740/5000 | task=hard_multi_issue_fraud         | score=0.0001 | avg20=0.1981 | steps= 7 | loss=0.6134
  Ep 1750/5000 | task=medium_amount_mismatch         | score=0.0001 | avg20=0.2404 | steps= 4 | loss=-1.2411
  ✓ Saved checkpoint: outputs/checkpoints/policy_ep1750.pt
  Ep 1760/5000 | task=hard_healthcare_complex        | score=0.2273 | avg20=0.2550 | steps= 9 | loss=-0.5452
  Ep 1770/5000 | task=medium_subscription_overbill   | score=0.1500 | avg20=0.2469 | steps=15 | loss=1.6546
  Ep 1780/5000 | task=easy_travel_approve            | score=0.6462 | avg20=0.2407 | steps= 5 | loss=-0.4811
  Ep 1790/5000 | task=hard_ghost_vendor              | score=0.0001 | avg20=0.1997 | steps= 6 | loss=-5.1891
  Ep 1800/5000 | task=medium_fx_currency_risk        | score=0.2500 | avg20=0.1754 | steps= 6 | loss=-4.1899
  Ep 1810/5000 | task=easy_reject_no_po              | score=0.0143 | avg20=0.2605 | steps= 8 | loss=0.9332
  Ep 1820/5000 | task=hard_multi_issue_fraud         | score=0.1097 | avg20=0.2790 | steps= 5 | loss=-5.2740
  Ep 1830/5000 | task=medium_amount_mismatch         | score=0.0001 | avg20=0.2669 | steps= 4 | loss=-0.3919
  Ep 1840/5000 | task=hard_healthcare_complex        | score=0.6909 | avg20=0.2674 | steps= 8 | loss=-0.0949
  Ep 1850/5000 | task=medium_subscription_overbill   | score=0.2500 | avg20=0.3331 | steps= 6 | loss=-3.0231
  Ep 1860/5000 | task=easy_travel_approve            | score=0.6462 | avg20=0.2893 | steps= 4 | loss=-0.0235
  Ep 1870/5000 | task=hard_ghost_vendor              | score=0.0001 | avg20=0.1427 | steps=10 | loss=0.2570
  Ep 1880/5000 | task=medium_fx_currency_risk        | score=0.1875 | avg20=0.1619 | steps=11 | loss=-0.2875
  Ep 1890/5000 | task=easy_reject_no_po              | score=0.7286 | avg20=0.2460 | steps= 8 | loss=2.1846
  Ep 1900/5000 | task=hard_multi_issue_fraud         | score=0.2516 | avg20=0.2309 | steps= 7 | loss=-1.0316
  Ep 1910/5000 | task=medium_amount_mismatch         | score=0.0001 | avg20=0.2104 | steps= 4 | loss=0.0026
  Ep 1920/5000 | task=hard_healthcare_complex        | score=0.1273 | avg20=0.2077 | steps= 5 | loss=-3.6340
  Ep 1930/5000 | task=medium_subscription_overbill   | score=0.2500 | avg20=0.1909 | steps= 6 | loss=-1.8226
  Ep 1940/5000 | task=easy_travel_approve            | score=0.4769 | avg20=0.2046 | steps= 6 | loss=-1.2382
  Ep 1950/5000 | task=hard_ghost_vendor              | score=0.0001 | avg20=0.1911 | steps= 5 | loss=-5.8737
  Ep 1960/5000 | task=medium_fx_currency_risk        | score=0.0001 | avg20=0.2605 | steps= 5 | loss=1.1576
  Ep 1970/5000 | task=easy_reject_no_po              | score=0.0571 | avg20=0.3105 | steps= 5 | loss=-2.6348
  Ep 1980/5000 | task=hard_multi_issue_fraud         | score=0.2000 | avg20=0.2159 | steps=14 | loss=2.3833
  Ep 1990/5000 | task=medium_amount_mismatch         | score=0.2125 | avg20=0.2078 | steps= 8 | loss=-2.4573
  Ep 2000/5000 | task=hard_healthcare_complex        | score=0.1273 | avg20=0.2173 | steps= 5 | loss=-4.1717
  ✓ Saved checkpoint: outputs/checkpoints/policy_ep2000.pt
  Ep 2010/5000 | task=medium_subscription_overbill   | score=0.0001 | avg20=0.1918 | steps= 5 | loss=2.4760
  Ep 2020/5000 | task=easy_travel_approve            | score=0.0001 | avg20=0.1433 | steps= 4 | loss=0.4838
  Ep 2030/5000 | task=hard_ghost_vendor              | score=0.2080 | avg20=0.0761 | steps= 5 | loss=-5.8469
  Ep 2040/5000 | task=medium_fx_currency_risk        | score=0.0001 | avg20=0.1495 | steps= 5 | loss=0.9201
  Ep 2050/5000 | task=easy_reject_no_po              | score=0.0001 | avg20=0.1618 | steps= 3 | loss=-8.5520
  Ep 2060/5000 | task=hard_multi_issue_fraud         | score=0.2516 | avg20=0.2030 | steps= 7 | loss=-1.7343
  Ep 2070/5000 | task=medium_amount_mismatch         | score=0.5875 | avg20=0.2341 | steps= 5 | loss=0.2074
  Ep 2080/5000 | task=hard_healthcare_complex        | score=0.5818 | avg20=0.1651 | steps= 5 | loss=-2.3555
  Ep 2090/5000 | task=medium_subscription_overbill   | score=0.8625 | avg20=0.2068 | steps= 7 | loss=-0.8426
  Ep 2100/5000 | task=easy_travel_approve            | score=0.6462 | avg20=0.2622 | steps= 4 | loss=0.0095
  Ep 2110/5000 | task=hard_ghost_vendor              | score=0.0001 | avg20=0.2416 | steps= 6 | loss=-6.0187
  Ep 2120/5000 | task=medium_fx_currency_risk        | score=0.0125 | avg20=0.1615 | steps=15 | loss=0.6949
  Ep 2130/5000 | task=easy_reject_no_po              | score=0.0286 | avg20=0.2470 | steps= 6 | loss=-3.9964
  Ep 2140/5000 | task=hard_multi_issue_fraud         | score=0.2581 | avg20=0.3176 | steps= 6 | loss=-4.7511
  Ep 2150/5000 | task=medium_amount_mismatch         | score=0.0001 | avg20=0.2074 | steps= 4 | loss=-1.3102
  Ep 2160/5000 | task=hard_healthcare_complex        | score=0.1091 | avg20=0.1730 | steps=20 | loss=0.1866
  Ep 2170/5000 | task=medium_subscription_overbill   | score=0.2375 | avg20=0.1514 | steps= 8 | loss=-3.3453
  Ep 2180/5000 | task=easy_travel_approve            | score=0.6462 | avg20=0.1909 | steps= 4 | loss=0.4792
  Ep 2190/5000 | task=hard_ghost_vendor              | score=0.0001 | avg20=0.1779 | steps= 6 | loss=-7.0155
  Ep 2200/5000 | task=medium_fx_currency_risk        | score=0.1750 | avg20=0.1326 | steps=14 | loss=0.0666
  Ep 2210/5000 | task=easy_reject_no_po              | score=0.0001 | avg20=0.2588 | steps= 3 | loss=-10.7754
  Ep 2220/5000 | task=hard_multi_issue_fraud         | score=0.0001 | avg20=0.2241 | steps= 7 | loss=-2.3268
  Ep 2230/5000 | task=medium_amount_mismatch         | score=0.0001 | avg20=0.1619 | steps= 4 | loss=-0.7942
  Ep 2240/5000 | task=hard_healthcare_complex        | score=0.1727 | avg20=0.2246 | steps=15 | loss=0.1687
  Ep 2250/5000 | task=medium_subscription_overbill   | score=0.0001 | avg20=0.2401 | steps= 5 | loss=-0.4487
  ✓ Saved checkpoint: outputs/checkpoints/policy_ep2250.pt
  Ep 2260/5000 | task=easy_travel_approve            | score=0.4923 | avg20=0.2378 | steps= 5 | loss=-0.8506
  Ep 2270/5000 | task=hard_ghost_vendor              | score=0.0001 | avg20=0.2438 | steps= 5 | loss=-6.4239
  Ep 2280/5000 | task=medium_fx_currency_risk        | score=0.0001 | avg20=0.2787 | steps= 5 | loss=0.4144
  Ep 2290/5000 | task=easy_reject_no_po              | score=0.0429 | avg20=0.2511 | steps= 6 | loss=0.7844
  Ep 2300/5000 | task=hard_multi_issue_fraud         | score=0.0001 | avg20=0.2442 | steps=17 | loss=0.6167
  Ep 2310/5000 | task=medium_amount_mismatch         | score=0.5875 | avg20=0.3096 | steps= 4 | loss=-1.1913
  Ep 2320/5000 | task=hard_healthcare_complex        | score=0.2455 | avg20=0.3197 | steps= 7 | loss=-2.4318
  Ep 2330/5000 | task=medium_subscription_overbill   | score=0.7875 | avg20=0.3128 | steps=15 | loss=2.8297
  Ep 2340/5000 | task=easy_travel_approve            | score=0.0001 | avg20=0.2567 | steps= 4 | loss=-0.4203
  Ep 2350/5000 | task=hard_ghost_vendor              | score=0.3920 | avg20=0.2018 | steps= 6 | loss=-5.0049
  Ep 2360/5000 | task=medium_fx_currency_risk        | score=0.2125 | avg20=0.2811 | steps= 9 | loss=0.0220
  Ep 2370/5000 | task=easy_reject_no_po              | score=0.7714 | avg20=0.3309 | steps= 5 | loss=-0.6037
  Ep 2380/5000 | task=hard_multi_issue_fraud         | score=0.0001 | avg20=0.2387 | steps=12 | loss=0.6010
  Ep 2390/5000 | task=medium_amount_mismatch         | score=0.0001 | avg20=0.2533 | steps= 4 | loss=-0.9205
  Ep 2400/5000 | task=hard_healthcare_complex        | score=0.0364 | avg20=0.2900 | steps= 6 | loss=-1.0817
  Ep 2410/5000 | task=medium_subscription_overbill   | score=0.2500 | avg20=0.2731 | steps= 6 | loss=-5.0778
  Ep 2420/5000 | task=easy_travel_approve            | score=0.6462 | avg20=0.2563 | steps= 4 | loss=-0.0518
  Ep 2430/5000 | task=hard_ghost_vendor              | score=0.0001 | avg20=0.2205 | steps= 5 | loss=-7.3863
  Ep 2440/5000 | task=medium_fx_currency_risk        | score=0.0001 | avg20=0.2776 | steps= 5 | loss=2.9826
  Ep 2450/5000 | task=easy_reject_no_po              | score=0.0001 | avg20=0.2399 | steps= 9 | loss=0.8600
  Ep 2460/5000 | task=hard_multi_issue_fraud         | score=0.0001 | avg20=0.1800 | steps=10 | loss=-1.0172
  Ep 2470/5000 | task=medium_amount_mismatch         | score=0.0001 | avg20=0.1943 | steps= 4 | loss=-0.9934
  Ep 2480/5000 | task=hard_healthcare_complex        | score=0.2182 | avg20=0.2219 | steps=10 | loss=-0.1041
  Ep 2490/5000 | task=medium_subscription_overbill   | score=0.2000 | avg20=0.2542 | steps=10 | loss=1.6439
  Ep 2500/5000 | task=easy_travel_approve            | score=0.6462 | avg20=0.2112 | steps= 5 | loss=-0.2635
  ✓ Saved checkpoint: outputs/checkpoints/policy_ep2500.pt
  Ep 2510/5000 | task=hard_ghost_vendor              | score=0.2960 | avg20=0.1631 | steps= 9 | loss=-0.5081
  Ep 2520/5000 | task=medium_fx_currency_risk        | score=0.0001 | avg20=0.2369 | steps= 5 | loss=1.2039
  Ep 2530/5000 | task=easy_reject_no_po              | score=0.0714 | avg20=0.2695 | steps= 4 | loss=-4.5555
  Ep 2540/5000 | task=hard_multi_issue_fraud         | score=0.0001 | avg20=0.2577 | steps= 5 | loss=-12.6594
  Ep 2550/5000 | task=medium_amount_mismatch         | score=0.0001 | avg20=0.2345 | steps=10 | loss=5.0587
  Ep 2560/5000 | task=hard_healthcare_complex        | score=0.2000 | avg20=0.1817 | steps=12 | loss=0.9813
  Ep 2570/5000 | task=medium_subscription_overbill   | score=0.0001 | avg20=0.2737 | steps= 5 | loss=-2.9186
  Ep 2580/5000 | task=easy_travel_approve            | score=0.6462 | avg20=0.3111 | steps= 4 | loss=-0.1532
  Ep 2590/5000 | task=hard_ghost_vendor              | score=0.0001 | avg20=0.1970 | steps= 5 | loss=-7.3343
  Ep 2600/5000 | task=medium_fx_currency_risk        | score=0.0001 | avg20=0.2544 | steps= 7 | loss=7.7914
  Ep 2610/5000 | task=easy_reject_no_po              | score=0.0571 | avg20=0.2314 | steps= 5 | loss=-2.5864
  Ep 2620/5000 | task=hard_multi_issue_fraud         | score=0.0001 | avg20=0.2334 | steps=10 | loss=0.9354
  Ep 2630/5000 | task=medium_amount_mismatch         | score=0.0001 | avg20=0.2765 | steps= 4 | loss=-0.0879
  Ep 2640/5000 | task=hard_healthcare_complex        | score=0.0364 | avg20=0.1605 | steps= 6 | loss=-1.7034
  Ep 2650/5000 | task=medium_subscription_overbill   | score=0.2500 | avg20=0.1908 | steps= 6 | loss=-5.5878
  Ep 2660/5000 | task=easy_travel_approve            | score=0.0001 | avg20=0.1957 | steps= 4 | loss=0.5481
  Ep 2670/5000 | task=hard_ghost_vendor              | score=0.2080 | avg20=0.1422 | steps= 5 | loss=-8.4046
  Ep 2680/5000 | task=medium_fx_currency_risk        | score=0.2375 | avg20=0.2167 | steps= 7 | loss=-2.0256
  Ep 2690/5000 | task=easy_reject_no_po              | score=0.0714 | avg20=0.2921 | steps= 4 | loss=-2.3149
  Ep 2700/5000 | task=hard_multi_issue_fraud         | score=0.0001 | avg20=0.3969 | steps=12 | loss=0.7578
  Ep 2710/5000 | task=medium_amount_mismatch         | score=0.1500 | avg20=0.4044 | steps=12 | loss=-2.2792
  Ep 2720/5000 | task=hard_healthcare_complex        | score=0.2273 | avg20=0.2441 | steps= 9 | loss=0.5086
  Ep 2730/5000 | task=medium_subscription_overbill   | score=0.8750 | avg20=0.2495 | steps= 6 | loss=-3.5605
  Ep 2740/5000 | task=easy_travel_approve            | score=0.0001 | avg20=0.2883 | steps= 5 | loss=-0.4991
  Ep 2750/5000 | task=hard_ghost_vendor              | score=0.0001 | avg20=0.2541 | steps= 7 | loss=-1.1020
  ✓ Saved checkpoint: outputs/checkpoints/policy_ep2750.pt
  Ep 2760/5000 | task=medium_fx_currency_risk        | score=0.2500 | avg20=0.2529 | steps= 6 | loss=-4.1432
  Ep 2770/5000 | task=easy_reject_no_po              | score=0.0714 | avg20=0.1925 | steps= 4 | loss=-4.5990
  Ep 2780/5000 | task=hard_multi_issue_fraud         | score=0.0001 | avg20=0.1970 | steps=13 | loss=0.1256
  Ep 2790/5000 | task=medium_amount_mismatch         | score=0.0001 | avg20=0.1844 | steps=11 | loss=1.2270
  Ep 2800/5000 | task=hard_healthcare_complex        | score=0.2273 | avg20=0.2027 | steps= 9 | loss=-1.1283
  Ep 2810/5000 | task=medium_subscription_overbill   | score=0.1500 | avg20=0.2201 | steps=15 | loss=-0.6599
  Ep 2820/5000 | task=easy_travel_approve            | score=0.6462 | avg20=0.1671 | steps= 4 | loss=-0.0092
  Ep 2830/5000 | task=hard_ghost_vendor              | score=0.0001 | avg20=0.2275 | steps=16 | loss=2.7331
  Ep 2840/5000 | task=medium_fx_currency_risk        | score=0.2500 | avg20=0.2623 | steps= 6 | loss=-1.3114
  Ep 2850/5000 | task=easy_reject_no_po              | score=0.0001 | avg20=0.2113 | steps= 3 | loss=-15.7317
  Ep 2860/5000 | task=hard_multi_issue_fraud         | score=0.0001 | avg20=0.1937 | steps=20 | loss=0.0699
  Ep 2870/5000 | task=medium_amount_mismatch         | score=0.0001 | avg20=0.1744 | steps= 6 | loss=1.5880
  Ep 2880/5000 | task=hard_healthcare_complex        | score=0.1727 | avg20=0.2439 | steps=16 | loss=-0.2526
  Ep 2890/5000 | task=medium_subscription_overbill   | score=0.1875 | avg20=0.3657 | steps=11 | loss=0.7383
  Ep 2900/5000 | task=easy_travel_approve            | score=0.6462 | avg20=0.2369 | steps= 4 | loss=0.1811
  Ep 2910/5000 | task=hard_ghost_vendor              | score=0.0001 | avg20=0.1402 | steps=13 | loss=3.5121
  Ep 2920/5000 | task=medium_fx_currency_risk        | score=0.0001 | avg20=0.2548 | steps= 5 | loss=-1.9212
  Ep 2930/5000 | task=easy_reject_no_po              | score=0.0143 | avg20=0.2098 | steps= 8 | loss=2.7186
  Ep 2940/5000 | task=hard_multi_issue_fraud         | score=0.0001 | avg20=0.0976 | steps= 5 | loss=-10.0841
  Ep 2950/5000 | task=medium_amount_mismatch         | score=0.0001 | avg20=0.1811 | steps= 4 | loss=-0.1003
  Ep 2960/5000 | task=hard_healthcare_complex        | score=0.0364 | avg20=0.1957 | steps= 6 | loss=-2.3241
  Ep 2970/5000 | task=medium_subscription_overbill   | score=0.2125 | avg20=0.2120 | steps= 9 | loss=2.2579
  Ep 2980/5000 | task=easy_travel_approve            | score=0.0001 | avg20=0.2555 | steps= 4 | loss=-0.3136
  Ep 2990/5000 | task=hard_ghost_vendor              | score=0.0001 | avg20=0.1809 | steps= 6 | loss=-5.7420
  Ep 3000/5000 | task=medium_fx_currency_risk        | score=0.8500 | avg20=0.1820 | steps= 8 | loss=-0.8830
  ✓ Saved checkpoint: outputs/checkpoints/policy_ep3000.pt
  Ep 3010/5000 | task=easy_reject_no_po              | score=0.0714 | avg20=0.2393 | steps= 4 | loss=-2.2019
  Ep 3020/5000 | task=hard_multi_issue_fraud         | score=0.0001 | avg20=0.2047 | steps= 6 | loss=-6.4026
  Ep 3030/5000 | task=medium_amount_mismatch         | score=0.0001 | avg20=0.2540 | steps= 4 | loss=-1.4913
  Ep 3040/5000 | task=hard_healthcare_complex        | score=0.1273 | avg20=0.2123 | steps=20 | loss=-0.6082
  Ep 3050/5000 | task=medium_subscription_overbill   | score=0.1625 | avg20=0.1631 | steps=13 | loss=1.3714
  Ep 3060/5000 | task=easy_travel_approve            | score=0.6462 | avg20=0.2675 | steps= 4 | loss=-0.1639
  Ep 3070/5000 | task=hard_ghost_vendor              | score=0.0001 | avg20=0.2871 | steps= 9 | loss=0.7682
  Ep 3080/5000 | task=medium_fx_currency_risk        | score=0.1875 | avg20=0.2370 | steps=12 | loss=0.7037
  Ep 3090/5000 | task=easy_reject_no_po              | score=0.0001 | avg20=0.2157 | steps= 3 | loss=-17.1603
  Ep 3100/5000 | task=hard_multi_issue_fraud         | score=0.0001 | avg20=0.2268 | steps=13 | loss=1.7147
  Ep 3110/5000 | task=medium_amount_mismatch         | score=0.0001 | avg20=0.2612 | steps= 5 | loss=0.3369
  Ep 3120/5000 | task=hard_healthcare_complex        | score=0.2273 | avg20=0.2126 | steps= 9 | loss=-1.6767
  Ep 3130/5000 | task=medium_subscription_overbill   | score=0.2250 | avg20=0.2727 | steps= 8 | loss=-0.8382
  Ep 3140/5000 | task=easy_travel_approve            | score=0.0001 | avg20=0.3281 | steps= 5 | loss=-0.2251
  Ep 3150/5000 | task=hard_ghost_vendor              | score=0.0001 | avg20=0.2190 | steps= 6 | loss=-11.3604
  Ep 3160/5000 | task=medium_fx_currency_risk        | score=0.2375 | avg20=0.2262 | steps= 7 | loss=-3.6962
  Ep 3170/5000 | task=easy_reject_no_po              | score=0.7143 | avg20=0.2929 | steps= 9 | loss=2.0323
  Ep 3180/5000 | task=hard_multi_issue_fraud         | score=0.0001 | avg20=0.3100 | steps= 5 | loss=-12.3113
  Ep 3190/5000 | task=medium_amount_mismatch         | score=0.0001 | avg20=0.2411 | steps=13 | loss=2.1642
  Ep 3200/5000 | task=hard_healthcare_complex        | score=0.1909 | avg20=0.1586 | steps=13 | loss=0.3001
  Ep 3210/5000 | task=medium_subscription_overbill   | score=0.2000 | avg20=0.1708 | steps=11 | loss=-1.7405
  Ep 3220/5000 | task=easy_travel_approve            | score=0.0001 | avg20=0.1640 | steps= 4 | loss=-0.0347
  Ep 3230/5000 | task=hard_ghost_vendor              | score=0.0001 | avg20=0.1498 | steps= 7 | loss=-2.0581
  Ep 3240/5000 | task=medium_fx_currency_risk        | score=0.2375 | avg20=0.2563 | steps= 7 | loss=-3.9946
  Ep 3250/5000 | task=easy_reject_no_po              | score=0.0143 | avg20=0.2551 | steps= 8 | loss=-0.0069
  ✓ Saved checkpoint: outputs/checkpoints/policy_ep3250.pt
  Ep 3260/5000 | task=hard_multi_issue_fraud         | score=0.0065 | avg20=0.2321 | steps=18 | loss=-1.2070
  Ep 3270/5000 | task=medium_amount_mismatch         | score=0.0001 | avg20=0.1619 | steps= 5 | loss=0.3001
  Ep 3280/5000 | task=hard_healthcare_complex        | score=0.0364 | avg20=0.0858 | steps= 6 | loss=-3.4207
  Ep 3290/5000 | task=medium_subscription_overbill   | score=0.8500 | avg20=0.2240 | steps= 8 | loss=2.5733
  Ep 3300/5000 | task=easy_travel_approve            | score=0.6462 | avg20=0.2750 | steps= 4 | loss=0.0446
  Ep 3310/5000 | task=hard_ghost_vendor              | score=0.0001 | avg20=0.1764 | steps=12 | loss=7.6709
  Ep 3320/5000 | task=medium_fx_currency_risk        | score=0.0001 | avg20=0.2096 | steps= 5 | loss=0.1905
  Ep 3330/5000 | task=easy_reject_no_po              | score=0.0001 | avg20=0.2098 | steps= 4 | loss=-18.0460
  Ep 3340/5000 | task=hard_multi_issue_fraud         | score=0.0001 | avg20=0.1755 | steps=12 | loss=2.0805
  Ep 3350/5000 | task=medium_amount_mismatch         | score=0.5750 | avg20=0.2660 | steps= 6 | loss=2.2688
  Ep 3360/5000 | task=hard_healthcare_complex        | score=0.2000 | avg20=0.2618 | steps=12 | loss=0.8231
  Ep 3370/5000 | task=medium_subscription_overbill   | score=0.8375 | avg20=0.2346 | steps= 9 | loss=4.1862
  Ep 3380/5000 | task=easy_travel_approve            | score=0.0001 | avg20=0.2126 | steps= 4 | loss=-0.1111
  Ep 3390/5000 | task=hard_ghost_vendor              | score=0.1920 | avg20=0.1412 | steps=13 | loss=5.2368
  Ep 3400/5000 | task=medium_fx_currency_risk        | score=0.2000 | avg20=0.1791 | steps=11 | loss=0.5296
  Ep 3410/5000 | task=easy_reject_no_po              | score=0.0429 | avg20=0.2037 | steps= 6 | loss=-0.1983
  Ep 3420/5000 | task=hard_multi_issue_fraud         | score=0.0001 | avg20=0.2742 | steps= 9 | loss=-1.4880
  Ep 3430/5000 | task=medium_amount_mismatch         | score=0.0001 | avg20=0.3648 | steps= 4 | loss=0.3211
  Ep 3440/5000 | task=hard_healthcare_complex        | score=0.1273 | avg20=0.2990 | steps= 5 | loss=-9.1215
  Ep 3450/5000 | task=medium_subscription_overbill   | score=0.2125 | avg20=0.2394 | steps= 9 | loss=1.7737
  Ep 3460/5000 | task=easy_travel_approve            | score=0.0001 | avg20=0.2450 | steps= 4 | loss=-0.0550
  Ep 3470/5000 | task=hard_ghost_vendor              | score=0.0001 | avg20=0.2183 | steps= 9 | loss=0.4102
  Ep 3480/5000 | task=medium_fx_currency_risk        | score=0.5875 | avg20=0.1949 | steps= 5 | loss=-2.3359
  Ep 3490/5000 | task=easy_reject_no_po              | score=0.7429 | avg20=0.2975 | steps= 6 | loss=0.5109
  Ep 3500/5000 | task=hard_multi_issue_fraud         | score=0.0001 | avg20=0.2443 | steps=17 | loss=-0.0662
  ✓ Saved checkpoint: outputs/checkpoints/policy_ep3500.pt
  Ep 3510/5000 | task=medium_amount_mismatch         | score=0.0001 | avg20=0.2072 | steps= 4 | loss=-1.1073
  Ep 3520/5000 | task=hard_healthcare_complex        | score=0.1636 | avg20=0.2724 | steps=17 | loss=0.3687
  Ep 3530/5000 | task=medium_subscription_overbill   | score=0.2375 | avg20=0.1851 | steps= 7 | loss=-0.9905
  Ep 3540/5000 | task=easy_travel_approve            | score=0.4923 | avg20=0.1680 | steps= 5 | loss=-0.6287
  Ep 3550/5000 | task=hard_ghost_vendor              | score=0.0001 | avg20=0.1595 | steps= 7 | loss=-2.5512
  Ep 3560/5000 | task=medium_fx_currency_risk        | score=0.2500 | avg20=0.0826 | steps= 6 | loss=-3.3390
  Ep 3570/5000 | task=easy_reject_no_po              | score=0.0714 | avg20=0.1458 | steps= 4 | loss=-6.7265
  Ep 3580/5000 | task=hard_multi_issue_fraud         | score=0.0001 | avg20=0.2203 | steps=13 | loss=0.3527
  Ep 3590/5000 | task=medium_amount_mismatch         | score=0.0001 | avg20=0.2178 | steps=10 | loss=3.0509
  Ep 3600/5000 | task=hard_healthcare_complex        | score=0.1273 | avg20=0.1762 | steps= 5 | loss=-8.9192
  Ep 3610/5000 | task=medium_subscription_overbill   | score=0.8750 | avg20=0.2064 | steps= 6 | loss=-2.3115
  Ep 3620/5000 | task=easy_travel_approve            | score=0.6462 | avg20=0.3209 | steps= 4 | loss=-0.2246
  Ep 3630/5000 | task=hard_ghost_vendor              | score=0.0001 | avg20=0.1982 | steps= 8 | loss=-1.8363
  Ep 3640/5000 | task=medium_fx_currency_risk        | score=0.2500 | avg20=0.1778 | steps= 6 | loss=-6.5926
  Ep 3650/5000 | task=easy_reject_no_po              | score=0.5571 | avg20=0.3377 | steps=10 | loss=6.1631
  Ep 3660/5000 | task=hard_multi_issue_fraud         | score=0.0001 | avg20=0.3146 | steps= 6 | loss=-12.5824
  Ep 3670/5000 | task=medium_amount_mismatch         | score=0.5875 | avg20=0.2740 | steps= 4 | loss=-0.9305
  Ep 3680/5000 | task=hard_healthcare_complex        | score=0.1545 | avg20=0.2832 | steps=18 | loss=-0.3723
  Ep 3690/5000 | task=medium_subscription_overbill   | score=0.2500 | avg20=0.3070 | steps= 6 | loss=-8.2461
  Ep 3700/5000 | task=easy_travel_approve            | score=0.4923 | avg20=0.2398 | steps= 5 | loss=-0.2354
  Ep 3710/5000 | task=hard_ghost_vendor              | score=0.0001 | avg20=0.1882 | steps= 6 | loss=-11.0271
  Ep 3720/5000 | task=medium_fx_currency_risk        | score=0.2375 | avg20=0.1999 | steps= 7 | loss=-3.8817
  Ep 3730/5000 | task=easy_reject_no_po              | score=0.7571 | avg20=0.1981 | steps= 6 | loss=3.1712
  Ep 3740/5000 | task=hard_multi_issue_fraud         | score=0.0001 | avg20=0.3344 | steps=13 | loss=1.7739
  Ep 3750/5000 | task=medium_amount_mismatch         | score=0.5875 | avg20=0.3393 | steps= 4 | loss=-0.8416
  ✓ Saved checkpoint: outputs/checkpoints/policy_ep3750.pt
  Ep 3760/5000 | task=hard_healthcare_complex        | score=0.2000 | avg20=0.2622 | steps=14 | loss=-1.1344
  Ep 3770/5000 | task=medium_subscription_overbill   | score=0.2000 | avg20=0.2979 | steps=11 | loss=-0.4729
  Ep 3780/5000 | task=easy_travel_approve            | score=0.6462 | avg20=0.2500 | steps= 4 | loss=-0.4089
  Ep 3790/5000 | task=hard_ghost_vendor              | score=0.2880 | avg20=0.1397 | steps=15 | loss=1.6072
  Ep 3800/5000 | task=medium_fx_currency_risk        | score=0.2375 | avg20=0.1991 | steps= 7 | loss=-3.0052
  Ep 3810/5000 | task=easy_reject_no_po              | score=0.0143 | avg20=0.2373 | steps= 8 | loss=1.3329
  Ep 3820/5000 | task=hard_multi_issue_fraud         | score=0.0001 | avg20=0.1865 | steps= 6 | loss=-8.4154
  Ep 3830/5000 | task=medium_amount_mismatch         | score=0.5875 | avg20=0.2237 | steps= 4 | loss=-0.6550
  Ep 3840/5000 | task=hard_healthcare_complex        | score=0.6455 | avg20=0.2132 | steps=14 | loss=2.8492
  Ep 3850/5000 | task=medium_subscription_overbill   | score=0.0001 | avg20=0.1999 | steps= 5 | loss=-3.8746
  Ep 3860/5000 | task=easy_travel_approve            | score=0.0001 | avg20=0.2462 | steps= 4 | loss=-0.2321
  Ep 3870/5000 | task=hard_ghost_vendor              | score=0.0001 | avg20=0.2799 | steps=10 | loss=1.5236
  Ep 3880/5000 | task=medium_fx_currency_risk        | score=0.2125 | avg20=0.1943 | steps= 9 | loss=0.1921
  Ep 3890/5000 | task=easy_reject_no_po              | score=0.0571 | avg20=0.1784 | steps= 5 | loss=-0.6537
  Ep 3900/5000 | task=hard_multi_issue_fraud         | score=0.0001 | avg20=0.2114 | steps= 8 | loss=-3.6091
  Ep 3910/5000 | task=medium_amount_mismatch         | score=0.0001 | avg20=0.1260 | steps= 4 | loss=-0.8472
  Ep 3920/5000 | task=hard_healthcare_complex        | score=0.2182 | avg20=0.1444 | steps=10 | loss=1.9613
  Ep 3930/5000 | task=medium_subscription_overbill   | score=0.2250 | avg20=0.2368 | steps= 8 | loss=2.5820
  Ep 3940/5000 | task=easy_travel_approve            | score=0.0001 | avg20=0.1780 | steps= 5 | loss=-0.4421
  Ep 3950/5000 | task=hard_ghost_vendor              | score=0.0001 | avg20=0.1267 | steps=10 | loss=0.9097
  Ep 3960/5000 | task=medium_fx_currency_risk        | score=0.2375 | avg20=0.2409 | steps= 7 | loss=-4.0378
  Ep 3970/5000 | task=easy_reject_no_po              | score=0.0571 | avg20=0.2417 | steps= 5 | loss=0.0468
  Ep 3980/5000 | task=hard_multi_issue_fraud         | score=0.2516 | avg20=0.2594 | steps= 7 | loss=-3.4978
  Ep 3990/5000 | task=medium_amount_mismatch         | score=0.0001 | avg20=0.3305 | steps= 6 | loss=0.3582
  Ep 4000/5000 | task=hard_healthcare_complex        | score=0.2364 | avg20=0.2859 | steps=10 | loss=0.3076
  ✓ Saved checkpoint: outputs/checkpoints/policy_ep4000.pt
  Ep 4010/5000 | task=medium_subscription_overbill   | score=0.2000 | avg20=0.2387 | steps=11 | loss=4.4916
  Ep 4020/5000 | task=easy_travel_approve            | score=0.6462 | avg20=0.2938 | steps= 4 | loss=-0.1908
  Ep 4030/5000 | task=hard_ghost_vendor              | score=0.0001 | avg20=0.2488 | steps= 5 | loss=-14.4284
  Ep 4040/5000 | task=medium_fx_currency_risk        | score=0.2500 | avg20=0.2096 | steps= 6 | loss=-6.8896
  Ep 4050/5000 | task=easy_reject_no_po              | score=0.0001 | avg20=0.2656 | steps= 8 | loss=3.4123
  Ep 4060/5000 | task=hard_multi_issue_fraud         | score=0.0001 | avg20=0.2351 | steps= 6 | loss=-11.7445
  Ep 4070/5000 | task=medium_amount_mismatch         | score=0.0001 | avg20=0.1982 | steps= 5 | loss=1.1856
  Ep 4080/5000 | task=hard_healthcare_complex        | score=0.0273 | avg20=0.1247 | steps= 8 | loss=4.3130
  Ep 4090/5000 | task=medium_subscription_overbill   | score=0.2250 | avg20=0.1629 | steps= 8 | loss=0.9937
  Ep 4100/5000 | task=easy_travel_approve            | score=0.4923 | avg20=0.2659 | steps= 5 | loss=-0.5805
  Ep 4110/5000 | task=hard_ghost_vendor              | score=0.0001 | avg20=0.1972 | steps=11 | loss=3.8225
  Ep 4120/5000 | task=medium_fx_currency_risk        | score=0.2125 | avg20=0.2025 | steps=11 | loss=0.8107
  Ep 4130/5000 | task=easy_reject_no_po              | score=0.3143 | avg20=0.3005 | steps= 3 | loss=2.1742
  Ep 4140/5000 | task=hard_multi_issue_fraud         | score=0.0001 | avg20=0.3008 | steps= 5 | loss=-14.6975
  Ep 4150/5000 | task=medium_amount_mismatch         | score=0.0001 | avg20=0.3171 | steps= 4 | loss=-1.0175
  Ep 4160/5000 | task=hard_healthcare_complex        | score=0.0364 | avg20=0.2222 | steps= 6 | loss=-2.0694
  Ep 4170/5000 | task=medium_subscription_overbill   | score=0.5875 | avg20=0.2509 | steps= 5 | loss=-0.2441
  Ep 4180/5000 | task=easy_travel_approve            | score=0.4923 | avg20=0.3189 | steps= 6 | loss=-0.7408
  Ep 4190/5000 | task=hard_ghost_vendor              | score=0.0001 | avg20=0.1742 | steps= 8 | loss=-0.0403
  Ep 4200/5000 | task=medium_fx_currency_risk        | score=0.8750 | avg20=0.1995 | steps= 6 | loss=-3.8205
  Ep 4210/5000 | task=easy_reject_no_po              | score=0.0001 | avg20=0.2919 | steps= 6 | loss=10.9211
  Ep 4220/5000 | task=hard_multi_issue_fraud         | score=0.0001 | avg20=0.2629 | steps= 9 | loss=-1.3252
  Ep 4230/5000 | task=medium_amount_mismatch         | score=0.5625 | avg20=0.2457 | steps= 7 | loss=3.5725
  Ep 4240/5000 | task=hard_healthcare_complex        | score=0.1909 | avg20=0.1730 | steps=13 | loss=2.0486
  Ep 4250/5000 | task=medium_subscription_overbill   | score=0.2375 | avg20=0.1633 | steps= 7 | loss=-2.2004
  ✓ Saved checkpoint: outputs/checkpoints/policy_ep4250.pt
  Ep 4260/5000 | task=easy_travel_approve            | score=0.6462 | avg20=0.2809 | steps= 5 | loss=-0.4717
  Ep 4270/5000 | task=hard_ghost_vendor              | score=0.0001 | avg20=0.3506 | steps=15 | loss=2.9634
  Ep 4280/5000 | task=medium_fx_currency_risk        | score=0.2000 | avg20=0.2964 | steps=11 | loss=1.5618
  Ep 4290/5000 | task=easy_reject_no_po              | score=0.0143 | avg20=0.2034 | steps= 7 | loss=0.3538
  Ep 4300/5000 | task=hard_multi_issue_fraud         | score=0.0001 | avg20=0.2796 | steps= 5 | loss=-21.7138
  Ep 4310/5000 | task=medium_amount_mismatch         | score=0.0001 | avg20=0.3115 | steps= 4 | loss=-0.2990
  Ep 4320/5000 | task=hard_healthcare_complex        | score=0.6364 | avg20=0.3109 | steps=14 | loss=1.8767
  Ep 4330/5000 | task=medium_subscription_overbill   | score=0.8500 | avg20=0.2577 | steps= 8 | loss=1.2393
  Ep 4340/5000 | task=easy_travel_approve            | score=0.0001 | avg20=0.0976 | steps= 6 | loss=-0.7387
  Ep 4350/5000 | task=hard_ghost_vendor              | score=0.0001 | avg20=0.1548 | steps= 6 | loss=-13.4386
  Ep 4360/5000 | task=medium_fx_currency_risk        | score=0.2375 | avg20=0.2225 | steps= 7 | loss=-4.1371
  Ep 4370/5000 | task=easy_reject_no_po              | score=0.7714 | avg20=0.2351 | steps= 5 | loss=-1.0614
  Ep 4380/5000 | task=hard_multi_issue_fraud         | score=0.0001 | avg20=0.2417 | steps=11 | loss=2.3834
  Ep 4390/5000 | task=medium_amount_mismatch         | score=0.2000 | avg20=0.2516 | steps= 8 | loss=-0.7192
  Ep 4400/5000 | task=hard_healthcare_complex        | score=0.2273 | avg20=0.2625 | steps= 9 | loss=-1.3061
  Ep 4410/5000 | task=medium_subscription_overbill   | score=0.2125 | avg20=0.2093 | steps= 9 | loss=0.6153
  Ep 4420/5000 | task=easy_travel_approve            | score=0.6462 | avg20=0.2887 | steps= 4 | loss=-0.1426
  Ep 4430/5000 | task=hard_ghost_vendor              | score=0.2080 | avg20=0.3113 | steps= 6 | loss=-6.0525
  Ep 4440/5000 | task=medium_fx_currency_risk        | score=0.0001 | avg20=0.2024 | steps= 5 | loss=-1.5339
  Ep 4450/5000 | task=easy_reject_no_po              | score=0.7714 | avg20=0.1963 | steps= 5 | loss=-0.7947
  Ep 4460/5000 | task=hard_multi_issue_fraud         | score=0.0001 | avg20=0.1737 | steps=10 | loss=1.2848
  Ep 4470/5000 | task=medium_amount_mismatch         | score=0.0001 | avg20=0.1416 | steps= 4 | loss=-0.5685
  Ep 4480/5000 | task=hard_healthcare_complex        | score=0.2273 | avg20=0.1638 | steps=10 | loss=-0.0076
  Ep 4490/5000 | task=medium_subscription_overbill   | score=0.2250 | avg20=0.2988 | steps= 8 | loss=0.9221
  Ep 4500/5000 | task=easy_travel_approve            | score=0.0001 | avg20=0.2934 | steps= 4 | loss=-0.1946
  ✓ Saved checkpoint: outputs/checkpoints/policy_ep4500.pt
  Ep 4510/5000 | task=hard_ghost_vendor              | score=0.0001 | avg20=0.1192 | steps= 6 | loss=-13.4365
  Ep 4520/5000 | task=medium_fx_currency_risk        | score=0.0001 | avg20=0.1495 | steps= 5 | loss=-4.0973
  Ep 4530/5000 | task=easy_reject_no_po              | score=0.0001 | avg20=0.2190 | steps= 9 | loss=4.6320
  Ep 4540/5000 | task=hard_multi_issue_fraud         | score=0.0001 | avg20=0.2218 | steps= 8 | loss=-2.2841
  Ep 4550/5000 | task=medium_amount_mismatch         | score=0.5875 | avg20=0.2860 | steps= 4 | loss=-1.2915
  Ep 4560/5000 | task=hard_healthcare_complex        | score=0.2091 | avg20=0.2275 | steps=12 | loss=1.2229
  Ep 4570/5000 | task=medium_subscription_overbill   | score=0.2250 | avg20=0.2888 | steps= 8 | loss=0.7515
  Ep 4580/5000 | task=easy_travel_approve            | score=0.0001 | avg20=0.3153 | steps= 6 | loss=-0.8887
  Ep 4590/5000 | task=hard_ghost_vendor              | score=0.0001 | avg20=0.1135 | steps= 7 | loss=11.7596
  Ep 4600/5000 | task=medium_fx_currency_risk        | score=0.2250 | avg20=0.1714 | steps= 8 | loss=1.4203
  Ep 4610/5000 | task=easy_reject_no_po              | score=0.0571 | avg20=0.2463 | steps= 5 | loss=-0.7547
  Ep 4620/5000 | task=hard_multi_issue_fraud         | score=0.0001 | avg20=0.2543 | steps=11 | loss=2.8841
  Ep 4630/5000 | task=medium_amount_mismatch         | score=0.5875 | avg20=0.2704 | steps= 4 | loss=-1.6444
  Ep 4640/5000 | task=hard_healthcare_complex        | score=0.2182 | avg20=0.2950 | steps=10 | loss=0.3703
  Ep 4650/5000 | task=medium_subscription_overbill   | score=0.2375 | avg20=0.3058 | steps= 7 | loss=-1.4236
  Ep 4660/5000 | task=easy_travel_approve            | score=0.0001 | avg20=0.2341 | steps= 5 | loss=-0.4369
  Ep 4670/5000 | task=hard_ghost_vendor              | score=0.0001 | avg20=0.1769 | steps= 6 | loss=-9.2407
  Ep 4680/5000 | task=medium_fx_currency_risk        | score=0.2000 | avg20=0.1874 | steps=11 | loss=-0.7612
  Ep 4690/5000 | task=easy_reject_no_po              | score=0.0714 | avg20=0.2343 | steps= 4 | loss=-6.8526
  Ep 4700/5000 | task=hard_multi_issue_fraud         | score=0.0001 | avg20=0.2139 | steps= 7 | loss=-5.6454
  Ep 4710/5000 | task=medium_amount_mismatch         | score=0.0001 | avg20=0.1943 | steps= 4 | loss=-2.1316
  Ep 4720/5000 | task=hard_healthcare_complex        | score=0.4909 | avg20=0.2516 | steps= 6 | loss=-1.0217
  Ep 4730/5000 | task=medium_subscription_overbill   | score=0.1875 | avg20=0.2484 | steps=11 | loss=1.0934
  Ep 4740/5000 | task=easy_travel_approve            | score=0.0001 | avg20=0.1709 | steps= 4 | loss=-0.0393
  Ep 4750/5000 | task=hard_ghost_vendor              | score=0.0001 | avg20=0.1350 | steps= 5 | loss=-12.1361
  ✓ Saved checkpoint: outputs/checkpoints/policy_ep4750.pt
  Ep 4760/5000 | task=medium_fx_currency_risk        | score=0.2000 | avg20=0.2256 | steps=11 | loss=-0.1750
  Ep 4770/5000 | task=easy_reject_no_po              | score=0.0001 | avg20=0.2984 | steps=10 | loss=0.6691
  Ep 4780/5000 | task=hard_multi_issue_fraud         | score=0.0001 | avg20=0.2274 | steps= 9 | loss=1.5385
  Ep 4790/5000 | task=medium_amount_mismatch         | score=0.0001 | avg20=0.1829 | steps= 9 | loss=10.9186
  Ep 4800/5000 | task=hard_healthcare_complex        | score=0.6727 | avg20=0.1774 | steps=10 | loss=3.2871
  Ep 4810/5000 | task=medium_subscription_overbill   | score=0.1750 | avg20=0.2200 | steps=12 | loss=-0.9897
  Ep 4820/5000 | task=easy_travel_approve            | score=0.6462 | avg20=0.2070 | steps= 4 | loss=-0.0631
  Ep 4830/5000 | task=hard_ghost_vendor              | score=0.2080 | avg20=0.1768 | steps= 5 | loss=-10.3002
  Ep 4840/5000 | task=medium_fx_currency_risk        | score=0.5875 | avg20=0.1764 | steps= 5 | loss=-2.1008
  Ep 4850/5000 | task=easy_reject_no_po              | score=0.0001 | avg20=0.1865 | steps= 3 | loss=-26.6385
  Ep 4860/5000 | task=hard_multi_issue_fraud         | score=0.0001 | avg20=0.2400 | steps=14 | loss=0.9841
  Ep 4870/5000 | task=medium_amount_mismatch         | score=0.5750 | avg20=0.2490 | steps= 6 | loss=3.2454
  Ep 4880/5000 | task=hard_healthcare_complex        | score=0.2182 | avg20=0.2459 | steps=10 | loss=0.5153
  Ep 4890/5000 | task=medium_subscription_overbill   | score=0.8750 | avg20=0.3144 | steps= 6 | loss=-7.7629
  Ep 4900/5000 | task=easy_travel_approve            | score=0.0001 | avg20=0.3330 | steps= 5 | loss=-0.4008
  Ep 4910/5000 | task=hard_ghost_vendor              | score=0.0001 | avg20=0.2300 | steps= 5 | loss=-12.4597
  Ep 4920/5000 | task=medium_fx_currency_risk        | score=0.8625 | avg20=0.2664 | steps= 7 | loss=-1.0381
  Ep 4930/5000 | task=easy_reject_no_po              | score=0.0571 | avg20=0.2217 | steps= 5 | loss=0.0855
  Ep 4940/5000 | task=hard_multi_issue_fraud         | score=0.0001 | avg20=0.1985 | steps=12 | loss=1.8109
  Ep 4950/5000 | task=medium_amount_mismatch         | score=0.0001 | avg20=0.2664 | steps= 4 | loss=-1.0989
  Ep 4960/5000 | task=hard_healthcare_complex        | score=0.1273 | avg20=0.2329 | steps= 5 | loss=-14.1809
  Ep 4970/5000 | task=medium_subscription_overbill   | score=0.2250 | avg20=0.3119 | steps= 8 | loss=0.1735
  Ep 4980/5000 | task=easy_travel_approve            | score=0.0001 | avg20=0.2549 | steps= 6 | loss=-0.8151
  Ep 4990/5000 | task=hard_ghost_vendor              | score=0.0001 | avg20=0.1804 | steps= 6 | loss=-10.6829
  Ep 5000/5000 | task=medium_fx_currency_risk        | score=0.2500 | avg20=0.2701 | steps= 6 | loss=-8.0739
  ✓ Saved checkpoint: outputs/checkpoints/policy_ep5000.pt

=================================================================
  Running final benchmark (3 trials per task, stochastic)...
    easy_approve_clean                  score=0.5128  steps=4  trials=[0.0001, 0.7692, 0.7692]
    easy_reject_no_po                   score=0.2382  steps=9  trials=[0.0001, 0.0001, 0.7143]
    easy_utilities_approve              score=0.2155  steps=8  trials=[0.0001, 0.6462, 0.0001]
    easy_travel_approve                 score=0.2155  steps=5  trials=[0.0001, 0.6462, 0.0001]
    easy_missing_approval               score=0.1382  steps=9  trials=[0.0001, 0.0001, 0.4143]
    medium_amount_mismatch              score=0.1959  steps=8  trials=[0.5875, 0.0001, 0.0001]
    medium_duplicate_detection          score=0.2167  steps=8  trials=[0.0875, 0.0001, 0.5625]
    medium_fx_currency_risk             score=0.3375  steps=13  trials=[0.85, 0.0001, 0.1625]
    medium_equipment_over_budget        score=0.3292  steps=15  trials=[0.8125, 0.175, 0.0001]
    medium_subscription_overbill        score=0.3250  steps=10  trials=[0.5875, 0.1875, 0.2]
    medium_split_invoice_abuse          score=0.1922  steps=11  trials=[0.4471, 0.1294, 0.0001]
    hard_multi_issue_fraud              score=0.0581  steps=19  trials=[0.0001, 0.0001, 0.1742]
    hard_suspicious_vendor              score=0.3727  steps=13  trials=[0.6727, 0.2455, 0.2]
    hard_ghost_vendor                   score=0.0667  steps=12  trials=[0.0001, 0.0001, 0.2]
    hard_tax_fraud_pattern              score=0.2772  steps=13  trials=[0.1263, 0.1158, 0.5895]
    hard_healthcare_complex             score=0.3788  steps=10  trials=[0.7, 0.2182, 0.2182]

  Average benchmark score: 0.2544
=================================================================

  ✓ Saved benchmark: outputs/benchmark_results.json
  ✓ Saved training curve: outputs/training_curves.png
  Total training time: 86.6s (1.4 min)
