/home/balaraj/meta/invoice_triage_env/training/train_reinforce.py:446: FutureWarning: You are using `torch.load` with `weights_only=False` (the current default value), which uses the default pickle module implicitly. It is possible to construct malicious pickle data which will execute arbitrary code during unpickling (See https://github.com/pytorch/pytorch/blob/main/SECURITY.md#untrusted-models for more details). In a future release, the default value for `weights_only` will be flipped to `True`. This limits the functions that could be executed during unpickling. Arbitrary objects will no longer be allowed to be loaded via this mode unless they are explicitly allowlisted by the user via `torch.serialization.add_safe_globals`. We recommend you start setting `weights_only=True` for any use case where you don't have full control of the loaded file. Please open an issue on GitHub for any issues related to this experimental feature.
  ckpt = torch.load(resume_checkpoint, map_location=device)
  ✓ Resumed from checkpoint: outputs/checkpoints/policy_ep15000.pt (ep 15000)

=================================================================
  InvoiceTriageEnv — REINFORCE Training (batch advantage normalization)
  Device: cuda | Tasks: 10 | Episodes: 4000
  LR: 0.0002 | γ: 0.99 | Batch: 16 | Entropy: 0.05
  Policy params: 390,410
=================================================================

  Ep    16/4000 | task=easy_approve_clean                  | score=0.7385 | avg20=0.3136 | loss=-1.4841
  Ep    96/4000 | task=easy_utilities_approve              | score=0.6462 | avg20=0.3238 | loss=-1.5028
  Ep   176/4000 | task=hard_tax_fraud_pattern              | score=0.6211 | avg20=0.5107 | loss=-0.3585
  Ep   256/4000 | task=easy_missing_approval               | score=0.0001 | avg20=0.3703 | loss=-1.7421
  Ep   336/4000 | task=easy_travel_approve                 | score=0.6462 | avg20=0.5684 | loss=-1.5924
  Ep   416/4000 | task=easy_reject_no_po                   | score=0.7857 | avg20=0.5581 | loss=-1.2701
  Ep   496/4000 | task=easy_reject_no_po                   | score=0.7857 | avg20=0.4883 | loss=-2.2479
  Ep   576/4000 | task=easy_reject_no_po                   | score=0.7857 | avg20=0.4995 | loss=-1.7426
  Ep   656/4000 | task=easy_approve_clean                  | score=0.0001 | avg20=0.4993 | loss=-1.1809
  Ep   736/4000 | task=easy_utilities_approve              | score=0.0001 | avg20=0.4923 | loss=-2.3827
  Ep   816/4000 | task=easy_reject_no_po                   | score=0.7714 | avg20=0.5418 | loss=-1.9953
  Ep   896/4000 | task=easy_missing_approval               | score=0.0001 | avg20=0.5182 | loss=-0.5637
  Ep   976/4000 | task=easy_missing_approval               | score=0.4429 | avg20=0.4723 | loss=-0.7549
  Ep  1056/4000 | task=easy_missing_approval               | score=0.4571 | avg20=0.5363 | loss=-0.5924
  Ep  1136/4000 | task=easy_utilities_approve              | score=0.6462 | avg20=0.5639 | loss=0.0577
  Ep  1216/4000 | task=medium_amount_mismatch              | score=0.5750 | avg20=0.4877 | loss=-1.0477
  Ep  1296/4000 | task=hard_ghost_vendor                   | score=0.3040 | avg20=0.5571 | loss=-1.3030
  Ep  1376/4000 | task=hard_tax_fraud_pattern              | score=0.5895 | avg20=0.5182 | loss=-0.0299
  Ep  1456/4000 | task=easy_approve_clean                  | score=0.7692 | avg20=0.6104 | loss=-1.9613
  Ep  1536/4000 | task=medium_amount_mismatch              | score=0.5875 | avg20=0.4702 | loss=-2.8940
  Ep  1616/4000 | task=hard_ghost_vendor                   | score=0.3920 | avg20=0.5203 | loss=-0.5116
  Ep  1696/4000 | task=easy_travel_approve                 | score=0.6462 | avg20=0.4759 | loss=-1.4431
  Ep  1776/4000 | task=hard_ghost_vendor                   | score=0.0001 | avg20=0.4819 | loss=-2.1373
  Ep  1856/4000 | task=hard_tax_fraud_pattern              | score=0.5684 | avg20=0.4581 | loss=-0.5643
  Ep  1936/4000 | task=easy_reject_no_po                   | score=0.7857 | avg20=0.3416 | loss=-1.9262
  ✓ Saved checkpoint: outputs/checkpoints/policy_ep02000.pt
  Ep  2016/4000 | task=easy_reject_no_po                   | score=0.7857 | avg20=0.5411 | loss=-2.1173
  Ep  2096/4000 | task=medium_amount_mismatch              | score=0.5875 | avg20=0.5334 | loss=-2.3862
  Ep  2176/4000 | task=easy_travel_approve                 | score=0.6462 | avg20=0.4573 | loss=-2.0979
  Ep  2256/4000 | task=easy_reject_no_po                   | score=0.7857 | avg20=0.3941 | loss=-1.3092
  Ep  2336/4000 | task=easy_reject_no_po                   | score=0.7857 | avg20=0.4968 | loss=-0.5416
  Ep  2416/4000 | task=hard_tax_fraud_pattern              | score=0.6316 | avg20=0.3790 | loss=-1.1708
  Ep  2496/4000 | task=easy_approve_clean                  | score=0.0001 | avg20=0.3129 | loss=-1.6547
  Ep  2576/4000 | task=hard_suspicious_vendor              | score=0.7182 | avg20=0.5072 | loss=-1.0309
  Ep  2656/4000 | task=hard_suspicious_vendor              | score=0.6909 | avg20=0.5836 | loss=-1.7482
  Ep  2736/4000 | task=hard_multi_issue_fraud              | score=0.2581 | avg20=0.5111 | loss=-0.5720
  Ep  2816/4000 | task=hard_suspicious_vendor              | score=0.7091 | avg20=0.3866 | loss=-0.6774
  Ep  2896/4000 | task=hard_suspicious_vendor              | score=0.6818 | avg20=0.4593 | loss=-0.8721
  Ep  2976/4000 | task=hard_multi_issue_fraud              | score=0.2516 | avg20=0.4313 | loss=-0.6420
  Ep  3056/4000 | task=hard_multi_issue_fraud              | score=0.2258 | avg20=0.4757 | loss=-2.3685
  Ep  3136/4000 | task=easy_travel_approve                 | score=0.6462 | avg20=0.4284 | loss=-1.8110
  Ep  3216/4000 | task=easy_approve_clean                  | score=0.7692 | avg20=0.3180 | loss=-2.5162
  Ep  3296/4000 | task=hard_multi_issue_fraud              | score=0.2581 | avg20=0.4202 | loss=-2.8699
  Ep  3376/4000 | task=hard_tax_fraud_pattern              | score=0.6526 | avg20=0.5444 | loss=-0.4141
  Ep  3456/4000 | task=hard_ghost_vendor                   | score=0.3120 | avg20=0.3958 | loss=-1.8151
  Ep  3536/4000 | task=hard_multi_issue_fraud              | score=0.2516 | avg20=0.3369 | loss=-2.3070
  Ep  3616/4000 | task=hard_tax_fraud_pattern              | score=0.6526 | avg20=0.3660 | loss=-2.6691
  Ep  3696/4000 | task=hard_tax_fraud_pattern              | score=0.6526 | avg20=0.4656 | loss=-1.9689
  Ep  3776/4000 | task=hard_ghost_vendor                   | score=0.3040 | avg20=0.5466 | loss=0.1442
  Ep  3856/4000 | task=hard_tax_fraud_pattern              | score=0.6105 | avg20=0.3890 | loss=-3.1542
  Ep  3936/4000 | task=easy_reject_no_po                   | score=0.7857 | avg20=0.3238 | loss=-2.2731
  Ep  4000/4000 | task=hard_multi_issue_fraud              | score=0.2323 | avg20=0.4401 | loss=-1.5450
  ✓ Saved checkpoint: outputs/checkpoints/policy_ep04000.pt

=================================================================
  Running final benchmark (1 greedy + 4 stochastic per task)...
    ❌ easy_approve_clean                     greedy=0.0001  avg=0.4616
    ❌ easy_missing_approval                  greedy=0.4286  avg=0.4286
    ✅ easy_reject_no_po                      greedy=0.7857  avg=0.7828
    ❌ easy_travel_approve                    greedy=0.0001  avg=0.3878
    ✅ easy_utilities_approve                 greedy=0.0001  avg=0.5170
    ❌ hard_ghost_vendor                      greedy=0.3040  avg=0.1792
    ✅ hard_healthcare_complex                greedy=0.5818  avg=0.4291
    ❌ hard_multi_issue_fraud                 greedy=0.2323  avg=0.0968
    ❌ hard_suspicious_vendor                 greedy=0.1091  avg=0.4637
    ✅ hard_tax_fraud_pattern                 greedy=0.6211  avg=0.4800
    ✅ medium_amount_mismatch                 greedy=0.5500  avg=0.5725
    ✅ medium_duplicate_detection             greedy=0.7125  avg=0.6875
    ✅ medium_equipment_over_budget           greedy=0.7500  avg=0.4175
    ❌ medium_fx_currency_risk                greedy=0.0001  avg=0.4175
    ❌ medium_split_invoice_abuse             greedy=0.4471  avg=0.3036
    ❌ medium_subscription_overbill           greedy=0.0001  avg=0.1650

  Greedy avg:  0.3452  |  Stochastic avg: 0.4244
  Passing (greedy ≥0.5): 6/16   Passing (avg ≥0.5): 4/16
=================================================================

  ✓ Saved benchmark: outputs/benchmark_results.json
  ✓ Saved training curve: outputs/training_curves.png
  Total training time: 41.4s (0.7 min)
