
=================================================================
  InvoiceTriageEnv — REINFORCE Training (batch advantage normalization)
  Device: cuda | Tasks: 16 | Episodes: 15000
  LR: 0.0002 | γ: 0.99 | Batch: 16 | Entropy: 0.05
  Policy params: 390,410
=================================================================

  Ep    16/15000 | task=easy_approve_clean                  | score=0.7385 | avg20=0.2144 | loss=1.2534
  Ep   304/15000 | task=medium_subscription_overbill        | score=0.0001 | avg20=0.2061 | loss=1.0436
  Ep   592/15000 | task=easy_approve_clean                  | score=0.7692 | avg20=0.2205 | loss=1.1374
  Ep   880/15000 | task=easy_travel_approve                 | score=0.0001 | avg20=0.2637 | loss=0.6867
  Ep  1168/15000 | task=easy_travel_approve                 | score=0.0001 | avg20=0.0625 | loss=0.5041
  Ep  1456/15000 | task=easy_reject_no_po                   | score=0.0714 | avg20=0.2312 | loss=0.3787
  Ep  1744/15000 | task=easy_reject_no_po                   | score=0.0286 | avg20=0.1563 | loss=0.0895
  ✓ Saved checkpoint: outputs/checkpoints/policy_ep02000.pt
  Ep  2032/15000 | task=medium_duplicate_detection          | score=0.0875 | avg20=0.1677 | loss=0.1259
  Ep  2320/15000 | task=easy_approve_clean                  | score=0.5385 | avg20=0.1812 | loss=0.1271
  Ep  2608/15000 | task=easy_utilities_approve              | score=0.6462 | avg20=0.1784 | loss=0.3025
  Ep  2896/15000 | task=easy_travel_approve                 | score=0.0001 | avg20=0.2527 | loss=0.1120
  Ep  3184/15000 | task=medium_fx_currency_risk             | score=0.2500 | avg20=0.3862 | loss=-0.0665
  Ep  3472/15000 | task=medium_split_invoice_abuse          | score=0.4588 | avg20=0.2892 | loss=-0.1049
  Ep  3760/15000 | task=easy_utilities_approve              | score=0.6462 | avg20=0.3089 | loss=-0.1118
  ✓ Saved checkpoint: outputs/checkpoints/policy_ep04000.pt
  Ep  4048/15000 | task=medium_split_invoice_abuse          | score=0.4471 | avg20=0.3770 | loss=-0.2329
  Ep  4336/15000 | task=easy_approve_clean                  | score=0.0001 | avg20=0.3708 | loss=-0.1168
  Ep  4624/15000 | task=medium_amount_mismatch              | score=0.5875 | avg20=0.3733 | loss=-0.2608
  Ep  4912/15000 | task=medium_duplicate_detection          | score=0.0875 | avg20=0.4389 | loss=-0.2607
  Ep  5200/15000 | task=medium_split_invoice_abuse          | score=0.0118 | avg20=0.3702 | loss=-0.3074
  Ep  5488/15000 | task=easy_travel_approve                 | score=0.6462 | avg20=0.3920 | loss=-0.1454
  Ep  5776/15000 | task=medium_subscription_overbill        | score=0.8750 | avg20=0.2907 | loss=-0.3827
  ✓ Saved checkpoint: outputs/checkpoints/policy_ep06000.pt
  Ep  6064/15000 | task=easy_reject_no_po                   | score=0.0001 | avg20=0.3498 | loss=-0.4383
  Ep  6352/15000 | task=hard_healthcare_complex             | score=0.6909 | avg20=0.5478 | loss=-0.3366
  Ep  6640/15000 | task=hard_suspicious_vendor              | score=0.7182 | avg20=0.4322 | loss=0.0542
  Ep  6928/15000 | task=easy_reject_no_po                   | score=0.7857 | avg20=0.4089 | loss=-0.3595
  Ep  7216/15000 | task=easy_approve_clean                  | score=0.7692 | avg20=0.4869 | loss=-0.3878
  Ep  7504/15000 | task=hard_multi_issue_fraud              | score=0.0001 | avg20=0.5958 | loss=-0.4926
  Ep  7792/15000 | task=medium_equipment_over_budget        | score=0.1875 | avg20=0.4546 | loss=-0.9248
  ✓ Saved checkpoint: outputs/checkpoints/policy_ep08000.pt
  Ep  8080/15000 | task=medium_equipment_over_budget        | score=0.1750 | avg20=0.4955 | loss=-0.2057
  Ep  8368/15000 | task=easy_travel_approve                 | score=0.6462 | avg20=0.5962 | loss=-0.4452
  Ep  8656/15000 | task=medium_fx_currency_risk             | score=0.8750 | avg20=0.3964 | loss=-0.6525
  Ep  8944/15000 | task=hard_healthcare_complex             | score=0.7000 | avg20=0.6232 | loss=0.0338
  Ep  9232/15000 | task=medium_fx_currency_risk             | score=0.8000 | avg20=0.3746 | loss=-0.9745
  Ep  9520/15000 | task=medium_amount_mismatch              | score=0.5875 | avg20=0.5972 | loss=-0.6253
  Ep  9808/15000 | task=medium_subscription_overbill        | score=0.5875 | avg20=0.4487 | loss=-0.9170
  ✓ Saved checkpoint: outputs/checkpoints/policy_ep10000.pt
  Ep 10096/15000 | task=medium_equipment_over_budget        | score=0.8125 | avg20=0.3569 | loss=-0.6687
  Ep 10384/15000 | task=easy_reject_no_po                   | score=0.7857 | avg20=0.5057 | loss=-1.5810
  Ep 10672/15000 | task=medium_equipment_over_budget        | score=0.8125 | avg20=0.4893 | loss=-0.7433
  Ep 10960/15000 | task=medium_duplicate_detection          | score=0.7125 | avg20=0.5277 | loss=0.0022
  Ep 11248/15000 | task=easy_missing_approval               | score=0.0001 | avg20=0.3805 | loss=-1.3350
  Ep 11536/15000 | task=hard_tax_fraud_pattern              | score=0.4105 | avg20=0.4946 | loss=-1.1691
  Ep 11824/15000 | task=medium_equipment_over_budget        | score=0.8000 | avg20=0.5315 | loss=-0.1531
  ✓ Saved checkpoint: outputs/checkpoints/policy_ep12000.pt
  Ep 12112/15000 | task=hard_suspicious_vendor              | score=0.6909 | avg20=0.5333 | loss=-0.3790
  Ep 12400/15000 | task=hard_tax_fraud_pattern              | score=0.5684 | avg20=0.4832 | loss=-0.4004
  Ep 12688/15000 | task=medium_subscription_overbill        | score=0.8250 | avg20=0.5210 | loss=-1.2401
  Ep 12976/15000 | task=hard_ghost_vendor                   | score=0.0001 | avg20=0.4929 | loss=-0.2704
  Ep 13264/15000 | task=hard_tax_fraud_pattern              | score=0.6211 | avg20=0.5040 | loss=-0.9236
  Ep 13552/15000 | task=medium_equipment_over_budget        | score=0.8125 | avg20=0.4914 | loss=-1.4602
  Ep 13840/15000 | task=medium_duplicate_detection          | score=0.7125 | avg20=0.5262 | loss=0.1289
  ✓ Saved checkpoint: outputs/checkpoints/policy_ep14000.pt
  Ep 14128/15000 | task=medium_split_invoice_abuse          | score=0.0118 | avg20=0.5254 | loss=0.7501
  Ep 14416/15000 | task=medium_equipment_over_budget        | score=0.8000 | avg20=0.5257 | loss=0.0258
  Ep 14704/15000 | task=medium_duplicate_detection          | score=0.5875 | avg20=0.5351 | loss=-0.5339
  Ep 14992/15000 | task=medium_subscription_overbill        | score=0.8750 | avg20=0.5790 | loss=-0.9731
  Ep 15000/15000 | task=hard_ghost_vendor                   | score=0.3040 | avg20=0.5254 | loss=-0.6092
  ✓ Saved checkpoint: outputs/checkpoints/policy_ep15000.pt

=================================================================
  Running final benchmark (1 greedy + 4 stochastic per task)...
    ❌ easy_approve_clean                     greedy=0.0001  avg=0.4616
    ❌ easy_missing_approval                  greedy=0.3857  avg=0.3200
    ✅ easy_reject_no_po                      greedy=0.7857  avg=0.7714
    ❌ easy_travel_approve                    greedy=0.0001  avg=0.3878
    ❌ easy_utilities_approve                 greedy=0.0001  avg=0.3878
    ❌ hard_ghost_vendor                      greedy=0.3040  avg=0.2480
    ✅ hard_healthcare_complex                greedy=0.6636  avg=0.5491
    ❌ hard_multi_issue_fraud                 greedy=0.2323  avg=0.2400
    ✅ hard_suspicious_vendor                 greedy=0.6455  avg=0.5800
    ✅ hard_tax_fraud_pattern                 greedy=0.5895  avg=0.4105
    ✅ medium_amount_mismatch                 greedy=0.5875  avg=0.5850
    ✅ medium_duplicate_detection             greedy=0.7125  avg=0.7125
    ✅ medium_equipment_over_budget           greedy=0.8125  avg=0.8075
    ✅ medium_fx_currency_risk                greedy=0.8375  avg=0.7300
    ✅ medium_split_invoice_abuse             greedy=0.7176  avg=0.6117
    ✅ medium_subscription_overbill           greedy=0.8375  avg=0.7150

  Greedy avg:  0.5070  |  Stochastic avg: 0.5324
  Passing (greedy ≥0.5): 10/16   Passing (avg ≥0.5): 9/16
=================================================================

  ✓ Saved benchmark: outputs/benchmark_results.json
  ✓ Saved training curve: outputs/training_curves.png
  Total training time: 154.2s (2.6 min)
