
=================================================================
  InvoiceTriageEnv — REINFORCE Training
  Tasks: ['easy_approve_clean', 'easy_reject_no_po', 'easy_utilities_approve', 'easy_travel_approve', 'easy_missing_approval', 'medium_amount_mismatch', 'medium_duplicate_detection', 'medium_fx_currency_risk', 'medium_equipment_over_budget', 'medium_subscription_overbill', 'medium_split_invoice_abuse', 'hard_multi_issue_fraud', 'hard_suspicious_vendor', 'hard_ghost_vendor', 'hard_tax_fraud_pattern', 'hard_healthcare_complex']
  Episodes: 1500 | LR: 0.0003 | γ: 0.99
  Policy params: 366,602
=================================================================

  Ep    1/1500 | task=easy_approve_clean             | score=0.0001 | avg20=0.0001 | steps= 5 | loss=-0.0912
  Ep   10/1500 | task=medium_subscription_overbill   | score=0.3750 | avg20=0.2164 | steps= 7 | loss=1.0933
  Ep   20/1500 | task=easy_travel_approve            | score=0.4923 | avg20=0.2709 | steps= 6 | loss=0.4784
  Ep   30/1500 | task=hard_ghost_vendor              | score=0.0001 | avg20=0.2483 | steps= 7 | loss=0.0570
  Ep   40/1500 | task=medium_fx_currency_risk        | score=0.3750 | avg20=0.1854 | steps= 5 | loss=0.2975
  Ep   50/1500 | task=easy_reject_no_po              | score=0.0001 | avg20=0.1651 | steps= 3 | loss=-0.2754
  ✓ Saved checkpoint: outputs/checkpoints/policy_ep0050.pt
  Ep   60/1500 | task=hard_multi_issue_fraud         | score=0.0001 | avg20=0.2406 | steps= 5 | loss=-0.5496
  Ep   70/1500 | task=medium_amount_mismatch         | score=0.5875 | avg20=0.2688 | steps= 4 | loss=0.7503
  Ep   80/1500 | task=hard_healthcare_complex        | score=0.1182 | avg20=0.1548 | steps= 7 | loss=-0.1225
  Ep   90/1500 | task=medium_subscription_overbill   | score=0.9999 | avg20=0.1750 | steps= 5 | loss=0.4580
  Ep  100/1500 | task=easy_travel_approve            | score=0.6462 | avg20=0.2644 | steps= 4 | loss=-0.7566
  ✓ Saved checkpoint: outputs/checkpoints/policy_ep0100.pt
  Ep  110/1500 | task=hard_ghost_vendor              | score=0.0001 | avg20=0.2315 | steps= 5 | loss=0.6311
  Ep  120/1500 | task=medium_fx_currency_risk        | score=0.3625 | avg20=0.1671 | steps= 6 | loss=-0.3789
  Ep  130/1500 | task=easy_reject_no_po              | score=0.3143 | avg20=0.1920 | steps= 3 | loss=0.6499
  Ep  140/1500 | task=hard_multi_issue_fraud         | score=0.0001 | avg20=0.1800 | steps= 6 | loss=0.2095
  Ep  150/1500 | task=medium_amount_mismatch         | score=0.0001 | avg20=0.1496 | steps= 4 | loss=0.4575
  ✓ Saved checkpoint: outputs/checkpoints/policy_ep0150.pt
  Ep  160/1500 | task=hard_healthcare_complex        | score=0.1273 | avg20=0.1946 | steps= 5 | loss=-0.3607
  Ep  170/1500 | task=medium_subscription_overbill   | score=0.9875 | avg20=0.2065 | steps= 6 | loss=0.3443
  Ep  180/1500 | task=easy_travel_approve            | score=0.4923 | avg20=0.2246 | steps= 8 | loss=0.2958
  Ep  190/1500 | task=hard_ghost_vendor              | score=0.0001 | avg20=0.3088 | steps= 5 | loss=0.1171
  Ep  200/1500 | task=medium_fx_currency_risk        | score=0.3750 | avg20=0.2383 | steps= 5 | loss=-1.0165
  ✓ Saved checkpoint: outputs/checkpoints/policy_ep0200.pt
  Ep  210/1500 | task=easy_reject_no_po              | score=0.7571 | avg20=0.1621 | steps= 5 | loss=2.7661
  Ep  220/1500 | task=hard_multi_issue_fraud         | score=0.1097 | avg20=0.2485 | steps= 5 | loss=-0.8012
  Ep  230/1500 | task=medium_amount_mismatch         | score=0.5875 | avg20=0.3111 | steps= 4 | loss=-0.4562
  Ep  240/1500 | task=hard_healthcare_complex        | score=0.1273 | avg20=0.2590 | steps= 5 | loss=-0.7025
  Ep  250/1500 | task=medium_subscription_overbill   | score=0.3750 | avg20=0.2298 | steps= 5 | loss=0.5056
  ✓ Saved checkpoint: outputs/checkpoints/policy_ep0250.pt
  Ep  260/1500 | task=easy_travel_approve            | score=0.0001 | avg20=0.2035 | steps= 5 | loss=-0.7567
  Ep  270/1500 | task=hard_ghost_vendor              | score=0.0001 | avg20=0.1545 | steps= 5 | loss=0.2391
  Ep  280/1500 | task=medium_fx_currency_risk        | score=0.3750 | avg20=0.1397 | steps= 5 | loss=-1.0936
  Ep  290/1500 | task=easy_reject_no_po              | score=0.0001 | avg20=0.1228 | steps= 3 | loss=-0.0272
  Ep  300/1500 | task=hard_multi_issue_fraud         | score=0.0001 | avg20=0.2084 | steps= 6 | loss=-0.7775
  ✓ Saved checkpoint: outputs/checkpoints/policy_ep0300.pt
  Ep  310/1500 | task=medium_amount_mismatch         | score=0.0001 | avg20=0.2646 | steps= 4 | loss=0.3026
  Ep  320/1500 | task=hard_healthcare_complex        | score=0.1273 | avg20=0.2069 | steps= 7 | loss=0.4645
  Ep  330/1500 | task=medium_subscription_overbill   | score=0.3375 | avg20=0.2554 | steps= 8 | loss=1.2389
  Ep  340/1500 | task=easy_travel_approve            | score=0.0001 | avg20=0.2270 | steps= 5 | loss=-0.5152
  Ep  350/1500 | task=hard_ghost_vendor              | score=0.0001 | avg20=0.1850 | steps= 8 | loss=1.1427
  ✓ Saved checkpoint: outputs/checkpoints/policy_ep0350.pt
  Ep  360/1500 | task=medium_fx_currency_risk        | score=0.3750 | avg20=0.1546 | steps= 5 | loss=-0.9875
  Ep  370/1500 | task=easy_reject_no_po              | score=0.3143 | avg20=0.1611 | steps= 3 | loss=0.6499
  Ep  380/1500 | task=hard_multi_issue_fraud         | score=0.0001 | avg20=0.2185 | steps= 5 | loss=-0.2245
  Ep  390/1500 | task=medium_amount_mismatch         | score=0.0001 | avg20=0.1186 | steps= 7 | loss=0.6136
  Ep  400/1500 | task=hard_healthcare_complex        | score=0.1273 | avg20=0.1295 | steps= 5 | loss=-0.7906
  ✓ Saved checkpoint: outputs/checkpoints/policy_ep0400.pt
  Ep  410/1500 | task=medium_subscription_overbill   | score=0.3750 | avg20=0.2272 | steps= 5 | loss=-0.5968
  Ep  420/1500 | task=easy_travel_approve            | score=0.4923 | avg20=0.2505 | steps= 5 | loss=0.7623
  Ep  430/1500 | task=hard_ghost_vendor              | score=0.0001 | avg20=0.2094 | steps= 5 | loss=-0.0397
  Ep  440/1500 | task=medium_fx_currency_risk        | score=0.9875 | avg20=0.2344 | steps= 9 | loss=1.8041
  Ep  450/1500 | task=easy_reject_no_po              | score=0.2857 | avg20=0.2574 | steps= 5 | loss=0.8811
  ✓ Saved checkpoint: outputs/checkpoints/policy_ep0450.pt
  Ep  460/1500 | task=hard_multi_issue_fraud         | score=0.0645 | avg20=0.2274 | steps= 9 | loss=1.2714
  Ep  470/1500 | task=medium_amount_mismatch         | score=0.0001 | avg20=0.2203 | steps= 5 | loss=0.7847
  Ep  480/1500 | task=hard_healthcare_complex        | score=0.1182 | avg20=0.1851 | steps= 7 | loss=0.6242
  Ep  490/1500 | task=medium_subscription_overbill   | score=0.3750 | avg20=0.1303 | steps= 5 | loss=-0.9648
  Ep  500/1500 | task=easy_travel_approve            | score=0.6462 | avg20=0.1106 | steps= 4 | loss=1.0836
  ✓ Saved checkpoint: outputs/checkpoints/policy_ep0500.pt
  Ep  510/1500 | task=hard_ghost_vendor              | score=0.0001 | avg20=0.1418 | steps= 7 | loss=-0.3748
  Ep  520/1500 | task=medium_fx_currency_risk        | score=0.3750 | avg20=0.1750 | steps= 5 | loss=0.9964
  Ep  530/1500 | task=easy_reject_no_po              | score=0.0001 | avg20=0.1547 | steps= 8 | loss=1.8863
  Ep  540/1500 | task=hard_multi_issue_fraud         | score=0.0001 | avg20=0.2056 | steps= 6 | loss=0.1017
  Ep  550/1500 | task=medium_amount_mismatch         | score=0.5625 | avg20=0.3142 | steps= 6 | loss=0.9273
  ✓ Saved checkpoint: outputs/checkpoints/policy_ep0550.pt
  Ep  560/1500 | task=hard_healthcare_complex        | score=0.5818 | avg20=0.3029 | steps= 5 | loss=-0.5201
  Ep  570/1500 | task=medium_subscription_overbill   | score=0.3750 | avg20=0.3201 | steps= 5 | loss=-0.5739
  Ep  580/1500 | task=easy_travel_approve            | score=0.0001 | avg20=0.2547 | steps= 5 | loss=-0.5381
  Ep  590/1500 | task=hard_ghost_vendor              | score=0.0001 | avg20=0.1576 | steps= 6 | loss=-0.3826
  Ep  600/1500 | task=medium_fx_currency_risk        | score=0.3750 | avg20=0.2125 | steps= 5 | loss=0.0750
  ✓ Saved checkpoint: outputs/checkpoints/policy_ep0600.pt
  Ep  610/1500 | task=easy_reject_no_po              | score=0.0001 | avg20=0.2507 | steps= 4 | loss=-0.5899
  Ep  620/1500 | task=hard_multi_issue_fraud         | score=0.0001 | avg20=0.2124 | steps= 9 | loss=0.3856
  Ep  630/1500 | task=medium_amount_mismatch         | score=0.5875 | avg20=0.1743 | steps= 4 | loss=-0.4962
  Ep  640/1500 | task=hard_healthcare_complex        | score=0.1273 | avg20=0.1886 | steps= 6 | loss=-0.0516
  Ep  650/1500 | task=medium_subscription_overbill   | score=0.3625 | avg20=0.1787 | steps= 6 | loss=-0.1094
  ✓ Saved checkpoint: outputs/checkpoints/policy_ep0650.pt
  Ep  660/1500 | task=easy_travel_approve            | score=0.0001 | avg20=0.1829 | steps= 6 | loss=-0.1612
  Ep  670/1500 | task=hard_ghost_vendor              | score=0.0001 | avg20=0.2002 | steps= 5 | loss=-0.2874
  Ep  680/1500 | task=medium_fx_currency_risk        | score=0.3750 | avg20=0.2411 | steps= 5 | loss=-0.3211
  Ep  690/1500 | task=easy_reject_no_po              | score=0.0001 | avg20=0.2430 | steps= 3 | loss=-0.4499
  Ep  700/1500 | task=hard_multi_issue_fraud         | score=0.0001 | avg20=0.1770 | steps= 6 | loss=-1.0954
  ✓ Saved checkpoint: outputs/checkpoints/policy_ep0700.pt
  Ep  710/1500 | task=medium_amount_mismatch         | score=0.0001 | avg20=0.1400 | steps= 6 | loss=1.2569
  Ep  720/1500 | task=hard_healthcare_complex        | score=0.1273 | avg20=0.2402 | steps= 5 | loss=-0.7615
  Ep  730/1500 | task=medium_subscription_overbill   | score=0.9500 | avg20=0.3660 | steps= 9 | loss=0.2824
  Ep  740/1500 | task=easy_travel_approve            | score=0.6462 | avg20=0.2310 | steps= 4 | loss=0.6658
  Ep  750/1500 | task=hard_ghost_vendor              | score=0.0001 | avg20=0.1736 | steps=10 | loss=-0.0262
  ✓ Saved checkpoint: outputs/checkpoints/policy_ep0750.pt
  Ep  760/1500 | task=medium_fx_currency_risk        | score=0.3625 | avg20=0.2315 | steps= 8 | loss=1.2646
  Ep  770/1500 | task=easy_reject_no_po              | score=0.0001 | avg20=0.2046 | steps= 3 | loss=-0.7841
  Ep  780/1500 | task=hard_multi_issue_fraud         | score=0.0001 | avg20=0.2146 | steps= 5 | loss=-0.6060
  Ep  790/1500 | task=medium_amount_mismatch         | score=0.0001 | avg20=0.1433 | steps= 5 | loss=0.4091
  Ep  800/1500 | task=hard_healthcare_complex        | score=0.1182 | avg20=0.1783 | steps= 6 | loss=-0.2238
  ✓ Saved checkpoint: outputs/checkpoints/policy_ep0800.pt
  Ep  810/1500 | task=medium_subscription_overbill   | score=0.3750 | avg20=0.3579 | steps= 7 | loss=0.5311
  Ep  820/1500 | task=easy_travel_approve            | score=0.6462 | avg20=0.2779 | steps= 4 | loss=0.1786
  Ep  830/1500 | task=hard_ghost_vendor              | score=0.0001 | avg20=0.1434 | steps= 6 | loss=-0.2440
  Ep  840/1500 | task=medium_fx_currency_risk        | score=0.3375 | avg20=0.1657 | steps=12 | loss=0.7314
  Ep  850/1500 | task=easy_reject_no_po              | score=0.0286 | avg20=0.1720 | steps= 6 | loss=0.8758
  ✓ Saved checkpoint: outputs/checkpoints/policy_ep0850.pt
  Ep  860/1500 | task=hard_multi_issue_fraud         | score=0.2452 | avg20=0.2507 | steps= 7 | loss=-0.3571
  Ep  870/1500 | task=medium_amount_mismatch         | score=0.0001 | avg20=0.1757 | steps= 4 | loss=-0.0240
  Ep  880/1500 | task=hard_healthcare_complex        | score=0.1000 | avg20=0.1052 | steps=10 | loss=0.8585
  Ep  890/1500 | task=medium_subscription_overbill   | score=0.3625 | avg20=0.2582 | steps= 8 | loss=-0.1956
  Ep  900/1500 | task=easy_travel_approve            | score=0.0001 | avg20=0.2609 | steps= 5 | loss=1.0167
  ✓ Saved checkpoint: outputs/checkpoints/policy_ep0900.pt
  Ep  910/1500 | task=hard_ghost_vendor              | score=0.0001 | avg20=0.1743 | steps= 5 | loss=0.1543
  Ep  920/1500 | task=medium_fx_currency_risk        | score=0.3750 | avg20=0.1979 | steps= 5 | loss=-0.8109
  Ep  930/1500 | task=easy_reject_no_po              | score=0.0001 | avg20=0.1614 | steps= 3 | loss=-0.7072
  Ep  940/1500 | task=hard_multi_issue_fraud         | score=0.2323 | avg20=0.2462 | steps= 9 | loss=0.4523
  Ep  950/1500 | task=medium_amount_mismatch         | score=0.0001 | avg20=0.2878 | steps= 4 | loss=0.0608
  ✓ Saved checkpoint: outputs/checkpoints/policy_ep0950.pt
  Ep  960/1500 | task=hard_healthcare_complex        | score=0.1273 | avg20=0.1792 | steps= 5 | loss=-0.8760
  Ep  970/1500 | task=medium_subscription_overbill   | score=0.3750 | avg20=0.1472 | steps= 6 | loss=0.1338
  Ep  980/1500 | task=easy_travel_approve            | score=0.6462 | avg20=0.1363 | steps= 4 | loss=0.5333
  Ep  990/1500 | task=hard_ghost_vendor              | score=0.0001 | avg20=0.2007 | steps= 5 | loss=-0.2819
  Ep 1000/1500 | task=medium_fx_currency_risk        | score=0.3750 | avg20=0.2022 | steps= 5 | loss=-0.4223
  ✓ Saved checkpoint: outputs/checkpoints/policy_ep1000.pt
  Ep 1010/1500 | task=easy_reject_no_po              | score=0.3143 | avg20=0.1897 | steps= 3 | loss=0.5469
  Ep 1020/1500 | task=hard_multi_issue_fraud         | score=0.0001 | avg20=0.1800 | steps= 7 | loss=-0.3971
  Ep 1030/1500 | task=medium_amount_mismatch         | score=0.5875 | avg20=0.1785 | steps= 5 | loss=0.8592
  Ep 1040/1500 | task=hard_healthcare_complex        | score=0.1273 | avg20=0.1904 | steps= 5 | loss=-0.3851
  Ep 1050/1500 | task=medium_subscription_overbill   | score=0.9625 | avg20=0.2873 | steps=13 | loss=0.9527
  ✓ Saved checkpoint: outputs/checkpoints/policy_ep1050.pt
  Ep 1060/1500 | task=easy_travel_approve            | score=0.6462 | avg20=0.2492 | steps= 4 | loss=0.2570
  Ep 1070/1500 | task=hard_ghost_vendor              | score=0.0001 | avg20=0.1607 | steps= 6 | loss=0.3788
  Ep 1080/1500 | task=medium_fx_currency_risk        | score=0.9999 | avg20=0.2246 | steps= 8 | loss=0.5052
  Ep 1090/1500 | task=easy_reject_no_po              | score=0.3143 | avg20=0.2055 | steps= 3 | loss=0.2591
  Ep 1100/1500 | task=hard_multi_issue_fraud         | score=0.0001 | avg20=0.1648 | steps= 7 | loss=0.3388
  ✓ Saved checkpoint: outputs/checkpoints/policy_ep1100.pt
  Ep 1110/1500 | task=medium_amount_mismatch         | score=0.0001 | avg20=0.1744 | steps=10 | loss=1.4406
  Ep 1120/1500 | task=hard_healthcare_complex        | score=0.5818 | avg20=0.2678 | steps= 7 | loss=0.2385
  Ep 1130/1500 | task=medium_subscription_overbill   | score=0.3125 | avg20=0.3044 | steps=13 | loss=0.5376
  Ep 1140/1500 | task=easy_travel_approve            | score=0.6462 | avg20=0.2756 | steps= 4 | loss=0.0285
  Ep 1150/1500 | task=hard_ghost_vendor              | score=0.0001 | avg20=0.2395 | steps= 5 | loss=-0.0634
  ✓ Saved checkpoint: outputs/checkpoints/policy_ep1150.pt
  Ep 1160/1500 | task=medium_fx_currency_risk        | score=0.3750 | avg20=0.2081 | steps= 8 | loss=0.1539
  Ep 1170/1500 | task=easy_reject_no_po              | score=0.7857 | avg20=0.2707 | steps= 4 | loss=0.9883
  Ep 1180/1500 | task=hard_multi_issue_fraud         | score=0.0001 | avg20=0.2401 | steps= 6 | loss=-0.1924
  Ep 1190/1500 | task=medium_amount_mismatch         | score=0.0001 | avg20=0.1894 | steps= 4 | loss=-0.7354
  Ep 1200/1500 | task=hard_healthcare_complex        | score=0.1273 | avg20=0.2945 | steps= 5 | loss=-0.2821
  ✓ Saved checkpoint: outputs/checkpoints/policy_ep1200.pt
  Ep 1210/1500 | task=medium_subscription_overbill   | score=0.3750 | avg20=0.3337 | steps= 6 | loss=-0.2660
  Ep 1220/1500 | task=easy_travel_approve            | score=0.6462 | avg20=0.1994 | steps= 4 | loss=0.2360
  Ep 1230/1500 | task=hard_ghost_vendor              | score=0.0001 | avg20=0.1517 | steps= 5 | loss=-0.5460
  Ep 1240/1500 | task=medium_fx_currency_risk        | score=0.3375 | avg20=0.2180 | steps=10 | loss=0.4943
  Ep 1250/1500 | task=easy_reject_no_po              | score=0.0001 | avg20=0.2221 | steps= 3 | loss=-0.5085
  ✓ Saved checkpoint: outputs/checkpoints/policy_ep1250.pt
  Ep 1260/1500 | task=hard_multi_issue_fraud         | score=0.0001 | avg20=0.2352 | steps= 6 | loss=-0.0609
  Ep 1270/1500 | task=medium_amount_mismatch         | score=0.5875 | avg20=0.2679 | steps= 4 | loss=-0.3769
  Ep 1280/1500 | task=hard_healthcare_complex        | score=0.5636 | avg20=0.2770 | steps= 9 | loss=0.7127
  Ep 1290/1500 | task=medium_subscription_overbill   | score=0.3500 | avg20=0.2019 | steps= 8 | loss=0.3747
  Ep 1300/1500 | task=easy_travel_approve            | score=0.0001 | avg20=0.1327 | steps= 4 | loss=-0.0473
  ✓ Saved checkpoint: outputs/checkpoints/policy_ep1300.pt
  Ep 1310/1500 | task=hard_ghost_vendor              | score=0.0001 | avg20=0.1484 | steps= 6 | loss=-0.0699
  Ep 1320/1500 | task=medium_fx_currency_risk        | score=0.3500 | avg20=0.1758 | steps=11 | loss=0.6827
  Ep 1330/1500 | task=easy_reject_no_po              | score=0.0001 | avg20=0.1991 | steps= 3 | loss=-0.2864
  Ep 1340/1500 | task=hard_multi_issue_fraud         | score=0.0001 | avg20=0.1814 | steps= 6 | loss=-0.0683
  Ep 1350/1500 | task=medium_amount_mismatch         | score=0.0001 | avg20=0.1929 | steps= 5 | loss=0.4545
  ✓ Saved checkpoint: outputs/checkpoints/policy_ep1350.pt
  Ep 1360/1500 | task=hard_healthcare_complex        | score=0.1273 | avg20=0.2094 | steps= 6 | loss=-0.0199
  Ep 1370/1500 | task=medium_subscription_overbill   | score=0.9999 | avg20=0.2221 | steps= 6 | loss=0.0349
  Ep 1380/1500 | task=easy_travel_approve            | score=0.6462 | avg20=0.2648 | steps= 4 | loss=0.1820
  Ep 1390/1500 | task=hard_ghost_vendor              | score=0.0001 | avg20=0.2756 | steps= 5 | loss=-0.1561
  Ep 1400/1500 | task=medium_fx_currency_risk        | score=0.3750 | avg20=0.3161 | steps= 6 | loss=-0.2339
  ✓ Saved checkpoint: outputs/checkpoints/policy_ep1400.pt
  Ep 1410/1500 | task=easy_reject_no_po              | score=0.0001 | avg20=0.2424 | steps= 6 | loss=0.6901
  Ep 1420/1500 | task=hard_multi_issue_fraud         | score=0.1032 | avg20=0.2623 | steps= 6 | loss=-0.2725
  Ep 1430/1500 | task=medium_amount_mismatch         | score=0.0001 | avg20=0.3172 | steps= 4 | loss=-0.1580
  Ep 1440/1500 | task=hard_healthcare_complex        | score=0.1273 | avg20=0.1697 | steps= 6 | loss=-0.0677
  Ep 1450/1500 | task=medium_subscription_overbill   | score=0.3750 | avg20=0.1448 | steps= 6 | loss=-0.1367
  ✓ Saved checkpoint: outputs/checkpoints/policy_ep1450.pt
  Ep 1460/1500 | task=easy_travel_approve            | score=0.6462 | avg20=0.2521 | steps= 4 | loss=0.4222
  Ep 1470/1500 | task=hard_ghost_vendor              | score=0.0001 | avg20=0.2537 | steps= 5 | loss=-0.3408
  Ep 1480/1500 | task=medium_fx_currency_risk        | score=0.3500 | avg20=0.2058 | steps=13 | loss=0.6241
  Ep 1490/1500 | task=easy_reject_no_po              | score=0.7571 | avg20=0.2614 | steps= 5 | loss=0.8971
  Ep 1500/1500 | task=hard_multi_issue_fraud         | score=0.1097 | avg20=0.2864 | steps= 5 | loss=-0.9041
  ✓ Saved checkpoint: outputs/checkpoints/policy_ep1500.pt

=================================================================
  Running final benchmark (3 trials per task, stochastic)...
    easy_approve_clean                  score=0.0001  steps=6  trials=[0.0001, 0.0001, 0.0001]
    easy_reject_no_po                   score=0.2857  steps=5  trials=[0.3143, 0.2857, 0.2571]
    easy_utilities_approve              score=0.3795  steps=6  trials=[0.6462, 0.4923, 0.0001]
    easy_travel_approve                 score=0.4308  steps=4  trials=[0.6462, 0.6462, 0.0001]
    easy_missing_approval               score=0.0001  steps=5  trials=[0.0001, 0.0001, 0.0001]
    medium_amount_mismatch              score=0.3042  steps=4  trials=[0.5875, 0.325, 0.0001]
    medium_duplicate_detection          score=0.3417  steps=14  trials=[0.0875, 0.4875, 0.45]
    medium_fx_currency_risk             score=0.5166  steps=15  trials=[0.9999, 0.3625, 0.1875]
    medium_equipment_over_budget        score=0.3875  steps=9  trials=[0.8125, 0.1875, 0.1625]
    medium_subscription_overbill        score=0.5625  steps=8  trials=[0.975, 0.3625, 0.35]
    medium_split_invoice_abuse          score=0.2981  steps=15  trials=[0.4353, 0.4588, 0.0001]
    hard_multi_issue_fraud              score=0.0689  steps=11  trials=[0.0001, 0.0001, 0.2065]
    hard_suspicious_vendor              score=0.0698  steps=8  trials=[0.0001, 0.2091, 0.0001]
    hard_ghost_vendor                   score=0.0001  steps=9  trials=[0.0001, 0.0001, 0.0001]
    hard_tax_fraud_pattern              score=0.0001  steps=8  trials=[0.0001, 0.0001, 0.0001]
    hard_healthcare_complex             score=0.1152  steps=9  trials=[0.1182, 0.1182, 0.1091]

  Average benchmark score: 0.2351
=================================================================

  ✓ Saved benchmark: outputs/benchmark_results.json
  ✓ Saved training curve: outputs/training_curves.png
  Total training time: 24.5s (0.4 min)
